[2025-12-01 14:01:59.654] [DEBUG  ] Init over: g_pDatabase =
[2025-12-01 14:01:59.654] [DEBUG  ] Kernel::PLC PLCRxThread::run()  new pDevicePLC start  [:0]
[2025-12-01 14:01:59.670] [DEBUG  ] Kernel::PLC LoadConf  m_SrcIP: "169.254.11.110" SrcPort: 2212 m_DestIP: "169.254.11.10" DestPort: 2212  m_LinkStatus.wProVer 1 m_LinkStatus.wPriv 10 [:0]
[2025-12-01 14:01:59.707] [DEBUG  ] Kernel::PLC PLCRxThread::run()  new pDevicePLC end  0x2070653c020 [:0]
[2025-12-01 14:01:59.708] [DEBUG  ] Kernel::PLC PLCRxThread::run()  new PLCTxThread end  0x20708dadf40 [:0]
[2025-12-01 14:01:59.709] [DEBUG  ] Kernel::PLC m_nConnectStatus  = 7 [:0]
[2025-12-01 14:02:00.016] [WARN   ] Unknown property transition [:0]
[2025-12-01 14:02:00.016] [WARN   ] Unknown property transition [:0]
[2025-12-01 14:02:00.920] [WARN   ] Unknown property transition [:0]
[2025-12-01 14:02:00.920] [WARN   ] Unknown property transition [:0]
[2025-12-01 14:02:00.920] [WARN   ] Unknown property transition [:0]
[2025-12-01 14:02:00.920] [WARN   ] Unknown property transition [:0]
[2025-12-01 14:02:00.920] [WARN   ] Unknown property transition [:0]
[2025-12-01 14:02:00.920] [WARN   ] Unknown property transition [:0]
[2025-12-01 14:02:00.920] [WARN   ] Unknown property transition [:0]
[2025-12-01 14:02:00.920] [WARN   ] Unknown property transition [:0]
[2025-12-01 14:02:00.921] [WARN   ] Unknown property transition [:0]
[2025-12-01 14:02:00.921] [WARN   ] Unknown property transition [:0]
[2025-12-01 14:02:00.921] [WARN   ] Unknown property transition [:0]
[2025-12-01 14:02:00.921] [WARN   ] Unknown property transition [:0]
[2025-12-01 14:02:00.921] [WARN   ] Unknown property transition [:0]
[2025-12-01 14:02:00.921] [WARN   ] Unknown property transition [:0]
[2025-12-01 14:02:00.921] [WARN   ] Unknown property transition [:0]
[2025-12-01 14:02:00.921] [WARN   ] Unknown property transition [:0]
[2025-12-01 14:02:00.921] [WARN   ] Unknown property transition [:0]
[2025-12-01 14:02:00.921] [WARN   ] Unknown property transition [:0]
[2025-12-01 14:02:00.922] [WARN   ] Unknown property transition [:0]
[2025-12-01 14:02:00.922] [WARN   ] Unknown property transition [:0]
[2025-12-01 14:02:00.922] [WARN   ] Unknown property transition [:0]
[2025-12-01 14:02:00.922] [WARN   ] Unknown property transition [:0]
[2025-12-01 14:02:00.922] [WARN   ] Unknown property transition [:0]
[2025-12-01 14:02:00.922] [WARN   ] Unknown property transition [:0]
[2025-12-01 14:02:00.922] [WARN   ] Unknown property transition [:0]
[2025-12-01 14:02:00.922] [WARN   ] Unknown property transition [:0]
[2025-12-01 14:02:00.922] [WARN   ] Unknown property transition [:0]
[2025-12-01 14:02:00.923] [WARN   ] Unknown property transition [:0]
[2025-12-01 14:02:00.923] [WARN   ] Unknown property transition [:0]
[2025-12-01 14:02:00.923] [WARN   ] Unknown property transition [:0]
[2025-12-01 14:02:00.923] [WARN   ] Unknown property transition [:0]
[2025-12-01 14:02:00.923] [WARN   ] Unknown property transition [:0]
[2025-12-01 14:02:00.925] [WARN   ] QMetaObject::connectSlotsByName: No matching signal for on_pushButton_up_clicked() [:0]
[2025-12-01 14:02:00.925] [WARN   ] QMetaObject::connectSlotsByName: No matching signal for on_pushButton_down_clicked() [:0]
[2025-12-01 14:02:00.925] [WARN   ] QMetaObject::connectSlotsByName: No matching signal for on_actionwire_triggered() [:0]
[2025-12-01 14:02:00.926] [INFO   ] 测试中文日志 - Chinese log test
[2025-12-01 14:02:00.926] [DEBUG  ] 这是一个调试信息
[2025-12-01 14:02:00.926] [DEBUG  ] Init over: g_pDatabase =
[2025-12-01 14:02:00.926] [DEBUG  ] initHMI SetDBValue ===  0 [..\..\Sources\mainwindow.cpp:748]
[2025-12-01 14:02:00.926] [DEBUG  ] QQQQ =  0 ZZZ =  0 [..\..\Sources\mainwindow.cpp:752]
[2025-12-01 14:02:00.926] [DEBUG  ] HMIKernel 初始化完成
[2025-12-01 14:02:00.926] [DEBUG  ] LogManager单例创建 [..\..\Sources\logmanager.cpp:11]
[2025-12-01 14:02:00.927] [DEBUG  ] UserManager单例创建 [..\..\Sources\usermanager.cpp:14]
[2025-12-01 14:02:00.927] [DEBUG  ] 数据库未打开，无法添加用户 [..\..\Sources\logmanager.cpp:194]
[2025-12-01 14:02:01.063] [DEBUG  ] 找到up_action对应的QToolButton [..\..\Sources\mainwindow.cpp:276]
[2025-12-01 14:02:01.063] [DEBUG  ] 找到down_action对应的QToolButton [..\..\Sources\mainwindow.cpp:346]
[2025-12-01 14:02:01.063] [DEBUG  ] 找到up_action对应的QToolButton [..\..\Sources\mainwindow.cpp:347]
[2025-12-01 14:02:01.063] [DEBUG  ] 找到up_action对应的QToolButton [..\..\Sources\mainwindow.cpp:235]
[2025-12-01 14:02:01.063] [DEBUG  ] 数据库位置 +  "D:/Project/QT_project/newsoft/newsoft/Bin/Database/user.db" [..\..\Sources\usermanager.cpp:55]
[2025-12-01 14:02:01.064] [DEBUG  ] 无法打开数据库: "unable to open database file Error opening database" [..\..\Sources\usermanager.cpp:60]
[2025-12-01 14:02:01.064] [DEBUG  ] 无法打开数据库: "unable to open database file Error opening database" [..\..\Sources\logmanager.cpp:57]
[2025-12-01 14:02:01.069] [WARN   ] Unknown property transition [:0]
[2025-12-01 14:02:01.069] [WARN   ] Unknown property transition [:0]
[2025-12-01 14:02:01.069] [WARN   ] Unknown property transition [:0]
[2025-12-01 14:02:01.069] [WARN   ] Unknown property transition [:0]
[2025-12-01 14:02:01.069] [WARN   ] Unknown property transition [:0]
[2025-12-01 14:02:01.069] [WARN   ] Unknown property transition [:0]
[2025-12-01 14:02:01.069] [WARN   ] Unknown property transition [:0]
[2025-12-01 14:02:01.069] [WARN   ] Unknown property transition [:0]
[2025-12-01 14:02:01.069] [WARN   ] Unknown property transition [:0]
[2025-12-01 14:02:01.069] [WARN   ] Unknown property transition [:0]
[2025-12-01 14:02:01.069] [WARN   ] Unknown property transition [:0]
[2025-12-01 14:02:01.070] [WARN   ] Unknown property transition [:0]
[2025-12-01 14:02:01.070] [WARN   ] Unknown property transition [:0]
[2025-12-01 14:02:01.070] [WARN   ] Unknown property transition [:0]
[2025-12-01 14:02:01.070] [WARN   ] Unknown property transition [:0]
[2025-12-01 14:02:01.070] [WARN   ] Unknown property transition [:0]
[2025-12-01 14:02:01.070] [WARN   ] Unknown property transition [:0]
[2025-12-01 14:02:01.070] [WARN   ] Unknown property transition [:0]
[2025-12-01 14:02:01.070] [WARN   ] Unknown property transition [:0]
[2025-12-01 14:02:01.070] [WARN   ] Unknown property transition [:0]
[2025-12-01 14:02:01.070] [WARN   ] Unknown property transition [:0]
[2025-12-01 14:02:01.071] [WARN   ] Unknown property transition [:0]
[2025-12-01 14:02:01.071] [WARN   ] Unknown property transition [:0]
[2025-12-01 14:02:01.071] [WARN   ] Unknown property transition [:0]
[2025-12-01 14:02:01.071] [WARN   ] Unknown property transition [:0]
[2025-12-01 14:02:01.071] [WARN   ] Unknown property transition [:0]
[2025-12-01 14:02:01.071] [WARN   ] Unknown property transition [:0]
[2025-12-01 14:02:01.071] [WARN   ] Unknown property transition [:0]
[2025-12-01 14:02:01.071] [WARN   ] Unknown property transition [:0]
[2025-12-01 14:02:01.071] [WARN   ] Unknown property transition [:0]
[2025-12-01 14:02:01.071] [WARN   ] Unknown property transition [:0]
[2025-12-01 14:02:01.071] [WARN   ] Unknown property transition [:0]
[2025-12-01 14:02:01.071] [WARN   ] Unknown property transition [:0]
[2025-12-01 14:02:01.071] [WARN   ] Unknown property transition [:0]
[2025-12-01 14:02:01.071] [WARN   ] Unknown property transition [:0]
[2025-12-01 14:02:01.071] [WARN   ] Unknown property transition [:0]
[2025-12-01 14:02:01.072] [WARN   ] Unknown property transition [:0]
[2025-12-01 14:02:01.072] [WARN   ] Unknown property transition [:0]
[2025-12-01 14:02:01.072] [WARN   ] Unknown property transition [:0]
[2025-12-01 14:02:01.072] [WARN   ] Unknown property transition [:0]
[2025-12-01 14:02:01.072] [WARN   ] Unknown property transition [:0]
[2025-12-01 14:02:01.072] [WARN   ] Unknown property transition [:0]
[2025-12-01 14:02:01.073] [WARN   ] Unknown property transition [:0]
[2025-12-01 14:02:01.073] [WARN   ] Unknown property transition [:0]
[2025-12-01 14:02:01.073] [WARN   ] Unknown property transition [:0]
[2025-12-01 14:02:01.073] [WARN   ] Unknown property transition [:0]
[2025-12-01 14:02:01.073] [WARN   ] Unknown property transition [:0]
[2025-12-01 14:02:01.073] [WARN   ] Unknown property transition [:0]
[2025-12-01 14:02:01.073] [WARN   ] Unknown property transition [:0]
[2025-12-01 14:02:01.073] [WARN   ] Unknown property transition [:0]
[2025-12-01 14:02:01.073] [WARN   ] Unknown property transition [:0]
[2025-12-01 14:02:01.073] [WARN   ] Unknown property transition [:0]
[2025-12-01 14:02:01.073] [WARN   ] Unknown property transition [:0]
[2025-12-01 14:02:01.073] [WARN   ] Unknown property transition [:0]
[2025-12-01 14:02:01.073] [WARN   ] Unknown property transition [:0]
[2025-12-01 14:02:01.073] [WARN   ] Unknown property transition [:0]
[2025-12-01 14:02:01.074] [WARN   ] Unknown property transition [:0]
[2025-12-01 14:02:01.074] [WARN   ] Unknown property transition [:0]
[2025-12-01 14:02:01.074] [WARN   ] Unknown property transition [:0]
[2025-12-01 14:02:01.074] [WARN   ] Unknown property transition [:0]
[2025-12-01 14:02:02.885] [DEBUG  ] Kernel::PLC m_nConnectStatus  = 7 [:0]
[2025-12-01 14:02:06.029] [DEBUG  ] Kernel::PLC m_nConnectStatus  = 7 [:0]
[2025-12-01 14:02:06.144] [WARN   ] Unknown property transition [:0]
[2025-12-01 14:02:06.410] [WARN   ] Unknown property transition [:0]
[2025-12-01 14:02:08.720] [WARN   ] Unknown property transition [:0]
[2025-12-01 14:02:08.969] [WARN   ] Unknown property transition [:0]
[2025-12-01 14:02:09.195] [DEBUG  ] Kernel::PLC m_nConnectStatus  = 7 [:0]
[2025-12-01 14:02:09.242] [DEBUG  ] Kernel::PLC m_nConnectStatus  = 7 [:0]
[2025-12-01 14:02:12.387] [DEBUG  ] Kernel::PLC m_nConnectStatus  = 7 [:0]
[2025-12-01 14:02:12.921] [DEBUG  ] on_pushButton_clicked [..\..\Sources\logindialog.cpp:19]
[2025-12-01 14:02:12.921] [DEBUG  ] on_pushButton_clicked 2 [..\..\Sources\logindialog.cpp:22]
[2025-12-01 14:02:12.921] [DEBUG  ] 数据库未打开，无法验证身份 [..\..\Sources\usermanager.cpp:140]
[2025-12-01 14:02:12.921] [DEBUG  ] 数据库未打开，无法验证身份 [..\..\Sources\usermanager.cpp:140]
[2025-12-01 14:02:15.536] [DEBUG  ] Kernel::PLC m_nConnectStatus  = 7 [:0]
[2025-12-01 14:02:17.822] [DEBUG  ] UserManager单例销毁 [..\..\Sources\usermanager.cpp:19]
[2025-12-01 14:02:17.822] [DEBUG  ] LogManager单例销毁 [..\..\Sources\logmanager.cpp:16]
[2025-12-01 14:04:12.162] [DEBUG  ] Init over: g_pDatabase =
[2025-12-01 14:04:12.162] [DEBUG  ] Kernel::PLC PLCRxThread::run()  new pDevicePLC start  [:0]
[2025-12-01 14:04:12.163] [DEBUG  ] Kernel::PLC LoadConf  m_SrcIP: "169.254.11.110" SrcPort: 2212 m_DestIP: "169.254.11.10" DestPort: 2212  m_LinkStatus.wProVer 1 m_LinkStatus.wPriv 10 [:0]
[2025-12-01 14:04:12.196] [DEBUG  ] Kernel::PLC PLCRxThread::run()  new pDevicePLC end  0x22b18e7dd60 [:0]
[2025-12-01 14:04:12.196] [DEBUG  ] Kernel::PLC PLCRxThread::run()  new PLCTxThread end  0x22b1b87a960 [:0]
[2025-12-01 14:04:12.199] [DEBUG  ] Kernel::PLC m_nConnectStatus  = 7 [:0]
[2025-12-01 14:04:12.226] [WARN   ] Unknown property transition [:0]
[2025-12-01 14:04:12.226] [WARN   ] Unknown property transition [:0]
[2025-12-01 14:04:13.158] [WARN   ] Unknown property transition [:0]
[2025-12-01 14:04:13.158] [WARN   ] Unknown property transition [:0]
[2025-12-01 14:04:13.159] [WARN   ] Unknown property transition [:0]
[2025-12-01 14:04:13.159] [WARN   ] Unknown property transition [:0]
[2025-12-01 14:04:13.159] [WARN   ] Unknown property transition [:0]
[2025-12-01 14:04:13.159] [WARN   ] Unknown property transition [:0]
[2025-12-01 14:04:13.159] [WARN   ] Unknown property transition [:0]
[2025-12-01 14:04:13.159] [WARN   ] Unknown property transition [:0]
[2025-12-01 14:04:13.159] [WARN   ] Unknown property transition [:0]
[2025-12-01 14:04:13.159] [WARN   ] Unknown property transition [:0]
[2025-12-01 14:04:13.159] [WARN   ] Unknown property transition [:0]
[2025-12-01 14:04:13.159] [WARN   ] Unknown property transition [:0]
[2025-12-01 14:04:13.160] [WARN   ] Unknown property transition [:0]
[2025-12-01 14:04:13.160] [WARN   ] Unknown property transition [:0]
[2025-12-01 14:04:13.160] [WARN   ] Unknown property transition [:0]
[2025-12-01 14:04:13.160] [WARN   ] Unknown property transition [:0]
[2025-12-01 14:04:13.160] [WARN   ] Unknown property transition [:0]
[2025-12-01 14:04:13.160] [WARN   ] Unknown property transition [:0]
[2025-12-01 14:04:13.160] [WARN   ] Unknown property transition [:0]
[2025-12-01 14:04:13.161] [WARN   ] Unknown property transition [:0]
[2025-12-01 14:04:13.161] [WARN   ] Unknown property transition [:0]
[2025-12-01 14:04:13.161] [WARN   ] Unknown property transition [:0]
[2025-12-01 14:04:13.161] [WARN   ] Unknown property transition [:0]
[2025-12-01 14:04:13.161] [WARN   ] Unknown property transition [:0]
[2025-12-01 14:04:13.161] [WARN   ] Unknown property transition [:0]
[2025-12-01 14:04:13.161] [WARN   ] Unknown property transition [:0]
[2025-12-01 14:04:13.161] [WARN   ] Unknown property transition [:0]
[2025-12-01 14:04:13.161] [WARN   ] Unknown property transition [:0]
[2025-12-01 14:04:13.161] [WARN   ] Unknown property transition [:0]
[2025-12-01 14:04:13.162] [WARN   ] Unknown property transition [:0]
[2025-12-01 14:04:13.162] [WARN   ] Unknown property transition [:0]
[2025-12-01 14:04:13.162] [WARN   ] Unknown property transition [:0]
[2025-12-01 14:04:13.163] [WARN   ] QMetaObject::connectSlotsByName: No matching signal for on_pushButton_up_clicked() [:0]
[2025-12-01 14:04:13.163] [WARN   ] QMetaObject::connectSlotsByName: No matching signal for on_pushButton_down_clicked() [:0]
[2025-12-01 14:04:13.163] [WARN   ] QMetaObject::connectSlotsByName: No matching signal for on_actionwire_triggered() [:0]
[2025-12-01 14:04:13.164] [INFO   ] 测试中文日志 - Chinese log test
[2025-12-01 14:04:13.164] [DEBUG  ] 这是一个调试信息
[2025-12-01 14:04:13.164] [DEBUG  ] Init over: g_pDatabase =
[2025-12-01 14:04:13.164] [DEBUG  ] initHMI SetDBValue ===  0 [..\..\Sources\mainwindow.cpp:748]
[2025-12-01 14:04:13.164] [DEBUG  ] QQQQ =  0 ZZZ =  0 [..\..\Sources\mainwindow.cpp:752]
[2025-12-01 14:04:13.164] [DEBUG  ] HMIKernel 初始化完成
[2025-12-01 14:04:13.164] [DEBUG  ] LogManager单例创建 [..\..\Sources\logmanager.cpp:11]
[2025-12-01 14:04:13.164] [DEBUG  ] UserManager单例创建 [..\..\Sources\usermanager.cpp:14]
[2025-12-01 14:04:13.164] [DEBUG  ] 数据库未打开，无法添加用户 [..\..\Sources\logmanager.cpp:194]
[2025-12-01 14:04:13.298] [DEBUG  ] 找到up_action对应的QToolButton [..\..\Sources\mainwindow.cpp:276]
[2025-12-01 14:04:13.298] [DEBUG  ] 找到down_action对应的QToolButton [..\..\Sources\mainwindow.cpp:346]
[2025-12-01 14:04:13.299] [DEBUG  ] 找到up_action对应的QToolButton [..\..\Sources\mainwindow.cpp:347]
[2025-12-01 14:04:13.299] [DEBUG  ] 找到up_action对应的QToolButton [..\..\Sources\mainwindow.cpp:235]
[2025-12-01 14:04:13.299] [DEBUG  ] 数据库位置 +  "D:/Project/QT_project/newsoft/newsoft/Bin/Database/user.db" [..\..\Sources\usermanager.cpp:55]
[2025-12-01 14:04:13.299] [DEBUG  ] 无法打开数据库: "unable to open database file Error opening database" [..\..\Sources\usermanager.cpp:60]
[2025-12-01 14:04:13.300] [DEBUG  ] 无法打开数据库: "unable to open database file Error opening database" [..\..\Sources\logmanager.cpp:57]
[2025-12-01 14:04:13.304] [WARN   ] Unknown property transition [:0]
[2025-12-01 14:04:13.304] [WARN   ] Unknown property transition [:0]
[2025-12-01 14:04:13.304] [WARN   ] Unknown property transition [:0]
[2025-12-01 14:04:13.305] [WARN   ] Unknown property transition [:0]
[2025-12-01 14:04:13.305] [WARN   ] Unknown property transition [:0]
[2025-12-01 14:04:13.305] [WARN   ] Unknown property transition [:0]
[2025-12-01 14:04:13.305] [WARN   ] Unknown property transition [:0]
[2025-12-01 14:04:13.305] [WARN   ] Unknown property transition [:0]
[2025-12-01 14:04:13.305] [WARN   ] Unknown property transition [:0]
[2025-12-01 14:04:13.305] [WARN   ] Unknown property transition [:0]
[2025-12-01 14:04:13.305] [WARN   ] Unknown property transition [:0]
[2025-12-01 14:04:13.305] [WARN   ] Unknown property transition [:0]
[2025-12-01 14:04:13.305] [WARN   ] Unknown property transition [:0]
[2025-12-01 14:04:13.306] [WARN   ] Unknown property transition [:0]
[2025-12-01 14:04:13.306] [WARN   ] Unknown property transition [:0]
[2025-12-01 14:04:13.306] [WARN   ] Unknown property transition [:0]
[2025-12-01 14:04:13.306] [WARN   ] Unknown property transition [:0]
[2025-12-01 14:04:13.306] [WARN   ] Unknown property transition [:0]
[2025-12-01 14:04:13.306] [WARN   ] Unknown property transition [:0]
[2025-12-01 14:04:13.306] [WARN   ] Unknown property transition [:0]
[2025-12-01 14:04:13.306] [WARN   ] Unknown property transition [:0]
[2025-12-01 14:04:13.306] [WARN   ] Unknown property transition [:0]
[2025-12-01 14:04:13.306] [WARN   ] Unknown property transition [:0]
[2025-12-01 14:04:13.306] [WARN   ] Unknown property transition [:0]
[2025-12-01 14:04:13.307] [WARN   ] Unknown property transition [:0]
[2025-12-01 14:04:13.307] [WARN   ] Unknown property transition [:0]
[2025-12-01 14:04:13.307] [WARN   ] Unknown property transition [:0]
[2025-12-01 14:04:13.307] [WARN   ] Unknown property transition [:0]
[2025-12-01 14:04:13.307] [WARN   ] Unknown property transition [:0]
[2025-12-01 14:04:13.307] [WARN   ] Unknown property transition [:0]
[2025-12-01 14:04:13.307] [WARN   ] Unknown property transition [:0]
[2025-12-01 14:04:13.307] [WARN   ] Unknown property transition [:0]
[2025-12-01 14:04:13.307] [WARN   ] Unknown property transition [:0]
[2025-12-01 14:04:13.307] [WARN   ] Unknown property transition [:0]
[2025-12-01 14:04:13.307] [WARN   ] Unknown property transition [:0]
[2025-12-01 14:04:13.307] [WARN   ] Unknown property transition [:0]
[2025-12-01 14:04:13.308] [WARN   ] Unknown property transition [:0]
[2025-12-01 14:04:13.308] [WARN   ] Unknown property transition [:0]
[2025-12-01 14:04:13.308] [WARN   ] Unknown property transition [:0]
[2025-12-01 14:04:13.308] [WARN   ] Unknown property transition [:0]
[2025-12-01 14:04:13.308] [WARN   ] Unknown property transition [:0]
[2025-12-01 14:04:13.308] [WARN   ] Unknown property transition [:0]
[2025-12-01 14:04:13.308] [WARN   ] Unknown property transition [:0]
[2025-12-01 14:04:13.308] [WARN   ] Unknown property transition [:0]
[2025-12-01 14:04:13.308] [WARN   ] Unknown property transition [:0]
[2025-12-01 14:04:13.309] [WARN   ] Unknown property transition [:0]
[2025-12-01 14:04:13.309] [WARN   ] Unknown property transition [:0]
[2025-12-01 14:04:13.309] [WARN   ] Unknown property transition [:0]
[2025-12-01 14:04:13.309] [WARN   ] Unknown property transition [:0]
[2025-12-01 14:04:13.309] [WARN   ] Unknown property transition [:0]
[2025-12-01 14:04:13.309] [WARN   ] Unknown property transition [:0]
[2025-12-01 14:04:13.309] [WARN   ] Unknown property transition [:0]
[2025-12-01 14:04:13.309] [WARN   ] Unknown property transition [:0]
[2025-12-01 14:04:13.309] [WARN   ] Unknown property transition [:0]
[2025-12-01 14:04:13.309] [WARN   ] Unknown property transition [:0]
[2025-12-01 14:04:13.309] [WARN   ] Unknown property transition [:0]
[2025-12-01 14:04:13.310] [WARN   ] Unknown property transition [:0]
[2025-12-01 14:04:13.310] [WARN   ] Unknown property transition [:0]
[2025-12-01 14:04:13.310] [WARN   ] Unknown property transition [:0]
[2025-12-01 14:04:13.310] [WARN   ] Unknown property transition [:0]
[2025-12-01 14:04:15.376] [DEBUG  ] Kernel::PLC m_nConnectStatus  = 7 [:0]
[2025-12-01 14:04:17.475] [DEBUG  ] UserManager单例销毁 [..\..\Sources\usermanager.cpp:19]
[2025-12-01 14:04:17.475] [DEBUG  ] LogManager单例销毁 [..\..\Sources\logmanager.cpp:16]
[2025-12-01 14:07:39.229] [DEBUG  ] Init over: g_pDatabase =
[2025-12-01 14:07:39.229] [DEBUG  ] Kernel::PLC PLCRxThread::run()  new pDevicePLC start  [:0]
[2025-12-01 14:07:39.230] [DEBUG  ] Kernel::PLC LoadConf  m_SrcIP: "169.254.11.110" SrcPort: 2212 m_DestIP: "169.254.11.10" DestPort: 2212  m_LinkStatus.wProVer 1 m_LinkStatus.wPriv 10 [:0]
[2025-12-01 14:07:39.262] [DEBUG  ] Kernel::PLC PLCRxThread::run()  new pDevicePLC end  0x18e57f29350 [:0]
[2025-12-01 14:07:39.262] [DEBUG  ] Kernel::PLC PLCRxThread::run()  new PLCTxThread end  0x18e57f24050 [:0]
[2025-12-01 14:07:39.263] [DEBUG  ] Kernel::PLC m_nConnectStatus  = 7 [:0]
[2025-12-01 14:07:39.295] [WARN   ] Unknown property transition [:0]
[2025-12-01 14:07:39.296] [WARN   ] Unknown property transition [:0]
[2025-12-01 14:07:40.145] [WARN   ] Unknown property transition [:0]
[2025-12-01 14:07:40.146] [WARN   ] Unknown property transition [:0]
[2025-12-01 14:07:40.146] [WARN   ] Unknown property transition [:0]
[2025-12-01 14:07:40.146] [WARN   ] Unknown property transition [:0]
[2025-12-01 14:07:40.146] [WARN   ] Unknown property transition [:0]
[2025-12-01 14:07:40.146] [WARN   ] Unknown property transition [:0]
[2025-12-01 14:07:40.146] [WARN   ] Unknown property transition [:0]
[2025-12-01 14:07:40.146] [WARN   ] Unknown property transition [:0]
[2025-12-01 14:07:40.146] [WARN   ] Unknown property transition [:0]
[2025-12-01 14:07:40.146] [WARN   ] Unknown property transition [:0]
[2025-12-01 14:07:40.147] [WARN   ] Unknown property transition [:0]
[2025-12-01 14:07:40.147] [WARN   ] Unknown property transition [:0]
[2025-12-01 14:07:40.147] [WARN   ] Unknown property transition [:0]
[2025-12-01 14:07:40.147] [WARN   ] Unknown property transition [:0]
[2025-12-01 14:07:40.147] [WARN   ] Unknown property transition [:0]
[2025-12-01 14:07:40.147] [WARN   ] Unknown property transition [:0]
[2025-12-01 14:07:40.147] [WARN   ] Unknown property transition [:0]
[2025-12-01 14:07:40.147] [WARN   ] Unknown property transition [:0]
[2025-12-01 14:07:40.147] [WARN   ] Unknown property transition [:0]
[2025-12-01 14:07:40.147] [WARN   ] Unknown property transition [:0]
[2025-12-01 14:07:40.148] [WARN   ] Unknown property transition [:0]
[2025-12-01 14:07:40.148] [WARN   ] Unknown property transition [:0]
[2025-12-01 14:07:40.148] [WARN   ] Unknown property transition [:0]
[2025-12-01 14:07:40.148] [WARN   ] Unknown property transition [:0]
[2025-12-01 14:07:40.148] [WARN   ] Unknown property transition [:0]
[2025-12-01 14:07:40.148] [WARN   ] Unknown property transition [:0]
[2025-12-01 14:07:40.148] [WARN   ] Unknown property transition [:0]
[2025-12-01 14:07:40.148] [WARN   ] Unknown property transition [:0]
[2025-12-01 14:07:40.148] [WARN   ] Unknown property transition [:0]
[2025-12-01 14:07:40.148] [WARN   ] Unknown property transition [:0]
[2025-12-01 14:07:40.149] [WARN   ] Unknown property transition [:0]
[2025-12-01 14:07:40.149] [WARN   ] Unknown property transition [:0]
[2025-12-01 14:07:40.150] [WARN   ] QMetaObject::connectSlotsByName: No matching signal for on_pushButton_up_clicked() [:0]
[2025-12-01 14:07:40.150] [WARN   ] QMetaObject::connectSlotsByName: No matching signal for on_pushButton_down_clicked() [:0]
[2025-12-01 14:07:40.150] [WARN   ] QMetaObject::connectSlotsByName: No matching signal for on_actionwire_triggered() [:0]
[2025-12-01 14:07:40.151] [INFO   ] 测试中文日志 - Chinese log test
[2025-12-01 14:07:40.151] [DEBUG  ] 这是一个调试信息
[2025-12-01 14:07:40.151] [DEBUG  ] Init over: g_pDatabase =
[2025-12-01 14:07:40.151] [DEBUG  ] initHMI SetDBValue ===  0 [..\..\Sources\mainwindow.cpp:748]
[2025-12-01 14:07:40.151] [DEBUG  ] QQQQ =  0 ZZZ =  0 [..\..\Sources\mainwindow.cpp:752]
[2025-12-01 14:07:40.151] [DEBUG  ] HMIKernel 初始化完成
[2025-12-01 14:07:40.151] [DEBUG  ] LogManager单例创建 [..\..\Sources\logmanager.cpp:11]
[2025-12-01 14:07:40.151] [DEBUG  ] UserManager单例创建 [..\..\Sources\usermanager.cpp:14]
[2025-12-01 14:07:40.151] [DEBUG  ] 数据库未打开，无法添加用户 [..\..\Sources\logmanager.cpp:194]
[2025-12-01 14:07:40.289] [DEBUG  ] 找到up_action对应的QToolButton [..\..\Sources\mainwindow.cpp:276]
[2025-12-01 14:07:40.289] [DEBUG  ] 找到down_action对应的QToolButton [..\..\Sources\mainwindow.cpp:346]
[2025-12-01 14:07:40.289] [DEBUG  ] 找到up_action对应的QToolButton [..\..\Sources\mainwindow.cpp:347]
[2025-12-01 14:07:40.289] [DEBUG  ] 找到up_action对应的QToolButton [..\..\Sources\mainwindow.cpp:235]
[2025-12-01 14:07:40.289] [DEBUG  ] 数据库位置 +  "D:/Project/QT_project/newsoft/newsoft/Bin/Database/user.db" [..\..\Sources\usermanager.cpp:55]
[2025-12-01 14:07:40.289] [DEBUG  ] 无法打开数据库: "unable to open database file Error opening database" [..\..\Sources\usermanager.cpp:60]
[2025-12-01 14:07:40.290] [DEBUG  ] 无法打开数据库: "unable to open database file Error opening database" [..\..\Sources\logmanager.cpp:57]
[2025-12-01 14:07:40.294] [WARN   ] Unknown property transition [:0]
[2025-12-01 14:07:40.294] [WARN   ] Unknown property transition [:0]
[2025-12-01 14:07:40.294] [WARN   ] Unknown property transition [:0]
[2025-12-01 14:07:40.294] [WARN   ] Unknown property transition [:0]
[2025-12-01 14:07:40.294] [WARN   ] Unknown property transition [:0]
[2025-12-01 14:07:40.295] [WARN   ] Unknown property transition [:0]
[2025-12-01 14:07:40.295] [WARN   ] Unknown property transition [:0]
[2025-12-01 14:07:40.295] [WARN   ] Unknown property transition [:0]
[2025-12-01 14:07:40.295] [WARN   ] Unknown property transition [:0]
[2025-12-01 14:07:40.295] [WARN   ] Unknown property transition [:0]
[2025-12-01 14:07:40.295] [WARN   ] Unknown property transition [:0]
[2025-12-01 14:07:40.295] [WARN   ] Unknown property transition [:0]
[2025-12-01 14:07:40.295] [WARN   ] Unknown property transition [:0]
[2025-12-01 14:07:40.295] [WARN   ] Unknown property transition [:0]
[2025-12-01 14:07:40.295] [WARN   ] Unknown property transition [:0]
[2025-12-01 14:07:40.295] [WARN   ] Unknown property transition [:0]
[2025-12-01 14:07:40.295] [WARN   ] Unknown property transition [:0]
[2025-12-01 14:07:40.295] [WARN   ] Unknown property transition [:0]
[2025-12-01 14:07:40.296] [WARN   ] Unknown property transition [:0]
[2025-12-01 14:07:40.296] [WARN   ] Unknown property transition [:0]
[2025-12-01 14:07:40.296] [WARN   ] Unknown property transition [:0]
[2025-12-01 14:07:40.296] [WARN   ] Unknown property transition [:0]
[2025-12-01 14:07:40.296] [WARN   ] Unknown property transition [:0]
[2025-12-01 14:07:40.296] [WARN   ] Unknown property transition [:0]
[2025-12-01 14:07:40.296] [WARN   ] Unknown property transition [:0]
[2025-12-01 14:07:40.296] [WARN   ] Unknown property transition [:0]
[2025-12-01 14:07:40.296] [WARN   ] Unknown property transition [:0]
[2025-12-01 14:07:40.296] [WARN   ] Unknown property transition [:0]
[2025-12-01 14:07:40.296] [WARN   ] Unknown property transition [:0]
[2025-12-01 14:07:40.296] [WARN   ] Unknown property transition [:0]
[2025-12-01 14:07:40.297] [WARN   ] Unknown property transition [:0]
[2025-12-01 14:07:40.297] [WARN   ] Unknown property transition [:0]
[2025-12-01 14:07:40.297] [WARN   ] Unknown property transition [:0]
[2025-12-01 14:07:40.297] [WARN   ] Unknown property transition [:0]
[2025-12-01 14:07:40.297] [WARN   ] Unknown property transition [:0]
[2025-12-01 14:07:40.297] [WARN   ] Unknown property transition [:0]
[2025-12-01 14:07:40.297] [WARN   ] Unknown property transition [:0]
[2025-12-01 14:07:40.297] [WARN   ] Unknown property transition [:0]
[2025-12-01 14:07:40.297] [WARN   ] Unknown property transition [:0]
[2025-12-01 14:07:40.297] [WARN   ] Unknown property transition [:0]
[2025-12-01 14:07:40.297] [WARN   ] Unknown property transition [:0]
[2025-12-01 14:07:40.297] [WARN   ] Unknown property transition [:0]
[2025-12-01 14:07:40.297] [WARN   ] Unknown property transition [:0]
[2025-12-01 14:07:40.298] [WARN   ] Unknown property transition [:0]
[2025-12-01 14:07:40.298] [WARN   ] Unknown property transition [:0]
[2025-12-01 14:07:40.298] [WARN   ] Unknown property transition [:0]
[2025-12-01 14:07:40.298] [WARN   ] Unknown property transition [:0]
[2025-12-01 14:07:40.298] [WARN   ] Unknown property transition [:0]
[2025-12-01 14:07:40.298] [WARN   ] Unknown property transition [:0]
[2025-12-01 14:07:40.298] [WARN   ] Unknown property transition [:0]
[2025-12-01 14:07:40.298] [WARN   ] Unknown property transition [:0]
[2025-12-01 14:07:40.298] [WARN   ] Unknown property transition [:0]
[2025-12-01 14:07:40.298] [WARN   ] Unknown property transition [:0]
[2025-12-01 14:07:40.298] [WARN   ] Unknown property transition [:0]
[2025-12-01 14:07:40.298] [WARN   ] Unknown property transition [:0]
[2025-12-01 14:07:40.299] [WARN   ] Unknown property transition [:0]
[2025-12-01 14:07:40.299] [WARN   ] Unknown property transition [:0]
[2025-12-01 14:07:40.299] [WARN   ] Unknown property transition [:0]
[2025-12-01 14:07:40.299] [WARN   ] Unknown property transition [:0]
[2025-12-01 14:07:40.299] [WARN   ] Unknown property transition [:0]
[2025-12-01 14:07:42.413] [DEBUG  ] Kernel::PLC m_nConnectStatus  = 7 [:0]
[2025-12-01 14:07:42.529] [WARN   ] Unknown property transition [:0]
[2025-12-01 14:07:42.553] [WARN   ] Unknown property transition [:0]
[2025-12-01 14:07:45.562] [DEBUG  ] Kernel::PLC m_nConnectStatus  = 7 [:0]
[2025-12-01 14:07:48.694] [DEBUG  ] Kernel::PLC m_nConnectStatus  = 7 [:0]
[2025-12-01 14:07:51.832] [DEBUG  ] Kernel::PLC m_nConnectStatus  = 7 [:0]
[2025-12-01 14:07:55.000] [DEBUG  ] Kernel::PLC m_nConnectStatus  = 7 [:0]
[2025-12-01 14:07:58.149] [DEBUG  ] Kernel::PLC m_nConnectStatus  = 7 [:0]
[2025-12-01 14:08:00.370] [WARN   ] Unknown property transition [:0]
[2025-12-01 14:08:01.285] [DEBUG  ] Kernel::PLC m_nConnectStatus  = 7 [:0]
[2025-12-01 14:08:04.444] [DEBUG  ] Kernel::PLC m_nConnectStatus  = 7 [:0]
[2025-12-01 14:08:07.145] [DEBUG  ] on_pushButton_clicked [..\..\Sources\logindialog.cpp:19]
[2025-12-01 14:08:07.145] [DEBUG  ] on_pushButton_clicked 2 [..\..\Sources\logindialog.cpp:22]
[2025-12-01 14:08:07.145] [DEBUG  ] 数据库未打开，无法验证身份 [..\..\Sources\usermanager.cpp:140]
[2025-12-01 14:08:07.145] [DEBUG  ] 数据库未打开，无法验证身份 [..\..\Sources\usermanager.cpp:140]
[2025-12-01 14:08:07.587] [DEBUG  ] Kernel::PLC m_nConnectStatus  = 7 [:0]
[2025-12-01 14:08:10.726] [DEBUG  ] Kernel::PLC m_nConnectStatus  = 7 [:0]
[2025-12-01 14:08:13.848] [DEBUG  ] Kernel::PLC m_nConnectStatus  = 7 [:0]
[2025-12-01 14:08:16.776] [DEBUG  ] UserManager单例销毁 [..\..\Sources\usermanager.cpp:19]
[2025-12-01 14:08:16.776] [DEBUG  ] LogManager单例销毁 [..\..\Sources\logmanager.cpp:16]
[2025-12-01 14:09:37.800] [DEBUG  ] Init over: g_pDatabase =
[2025-12-01 14:09:37.800] [DEBUG  ] Kernel::PLC PLCRxThread::run()  new pDevicePLC start  [:0]
[2025-12-01 14:09:37.801] [DEBUG  ] Kernel::PLC LoadConf  m_SrcIP: "169.254.11.110" SrcPort: 2212 m_DestIP: "169.254.11.10" DestPort: 2212  m_LinkStatus.wProVer 1 m_LinkStatus.wPriv 10 [:0]
[2025-12-01 14:09:37.836] [DEBUG  ] Kernel::PLC PLCRxThread::run()  new pDevicePLC end  0x22946ad8b90 [:0]
[2025-12-01 14:09:37.836] [DEBUG  ] Kernel::PLC PLCRxThread::run()  new PLCTxThread end  0x22946b10900 [:0]
[2025-12-01 14:09:37.840] [DEBUG  ] Kernel::PLC m_nConnectStatus  = 7 [:0]
[2025-12-01 14:09:37.863] [WARN   ] Unknown property transition [:0]
[2025-12-01 14:09:37.863] [WARN   ] Unknown property transition [:0]
[2025-12-01 14:09:38.720] [WARN   ] Unknown property transition [:0]
[2025-12-01 14:09:38.721] [WARN   ] Unknown property transition [:0]
[2025-12-01 14:09:38.721] [WARN   ] Unknown property transition [:0]
[2025-12-01 14:09:38.721] [WARN   ] Unknown property transition [:0]
[2025-12-01 14:09:38.721] [WARN   ] Unknown property transition [:0]
[2025-12-01 14:09:38.721] [WARN   ] Unknown property transition [:0]
[2025-12-01 14:09:38.721] [WARN   ] Unknown property transition [:0]
[2025-12-01 14:09:38.721] [WARN   ] Unknown property transition [:0]
[2025-12-01 14:09:38.721] [WARN   ] Unknown property transition [:0]
[2025-12-01 14:09:38.721] [WARN   ] Unknown property transition [:0]
[2025-12-01 14:09:38.722] [WARN   ] Unknown property transition [:0]
[2025-12-01 14:09:38.722] [WARN   ] Unknown property transition [:0]
[2025-12-01 14:09:38.722] [WARN   ] Unknown property transition [:0]
[2025-12-01 14:09:38.722] [WARN   ] Unknown property transition [:0]
[2025-12-01 14:09:38.722] [WARN   ] Unknown property transition [:0]
[2025-12-01 14:09:38.722] [WARN   ] Unknown property transition [:0]
[2025-12-01 14:09:38.722] [WARN   ] Unknown property transition [:0]
[2025-12-01 14:09:38.722] [WARN   ] Unknown property transition [:0]
[2025-12-01 14:09:38.722] [WARN   ] Unknown property transition [:0]
[2025-12-01 14:09:38.723] [WARN   ] Unknown property transition [:0]
[2025-12-01 14:09:38.723] [WARN   ] Unknown property transition [:0]
[2025-12-01 14:09:38.723] [WARN   ] Unknown property transition [:0]
[2025-12-01 14:09:38.723] [WARN   ] Unknown property transition [:0]
[2025-12-01 14:09:38.723] [WARN   ] Unknown property transition [:0]
[2025-12-01 14:09:38.723] [WARN   ] Unknown property transition [:0]
[2025-12-01 14:09:38.723] [WARN   ] Unknown property transition [:0]
[2025-12-01 14:09:38.723] [WARN   ] Unknown property transition [:0]
[2025-12-01 14:09:38.723] [WARN   ] Unknown property transition [:0]
[2025-12-01 14:09:38.723] [WARN   ] Unknown property transition [:0]
[2025-12-01 14:09:38.723] [WARN   ] Unknown property transition [:0]
[2025-12-01 14:09:38.724] [WARN   ] Unknown property transition [:0]
[2025-12-01 14:09:38.724] [WARN   ] Unknown property transition [:0]
[2025-12-01 14:09:38.725] [WARN   ] QMetaObject::connectSlotsByName: No matching signal for on_pushButton_up_clicked() [:0]
[2025-12-01 14:09:38.725] [WARN   ] QMetaObject::connectSlotsByName: No matching signal for on_pushButton_down_clicked() [:0]
[2025-12-01 14:09:38.725] [WARN   ] QMetaObject::connectSlotsByName: No matching signal for on_actionwire_triggered() [:0]
[2025-12-01 14:09:38.725] [INFO   ] 测试中文日志 - Chinese log test
[2025-12-01 14:09:38.726] [DEBUG  ] 这是一个调试信息
[2025-12-01 14:09:38.726] [DEBUG  ] Init over: g_pDatabase =
[2025-12-01 14:09:38.726] [DEBUG  ] initHMI SetDBValue ===  0 [..\..\Sources\mainwindow.cpp:748]
[2025-12-01 14:09:38.726] [DEBUG  ] QQQQ =  0 ZZZ =  0 [..\..\Sources\mainwindow.cpp:752]
[2025-12-01 14:09:38.726] [DEBUG  ] HMIKernel 初始化完成
[2025-12-01 14:09:38.726] [DEBUG  ] LogManager单例创建 [..\..\Sources\logmanager.cpp:11]
[2025-12-01 14:09:38.726] [DEBUG  ] UserManager单例创建 [..\..\Sources\usermanager.cpp:14]
[2025-12-01 14:09:38.726] [DEBUG  ] 数据库未打开，无法添加用户 [..\..\Sources\logmanager.cpp:194]
[2025-12-01 14:09:38.860] [DEBUG  ] 找到up_action对应的QToolButton [..\..\Sources\mainwindow.cpp:276]
[2025-12-01 14:09:38.860] [DEBUG  ] 找到down_action对应的QToolButton [..\..\Sources\mainwindow.cpp:346]
[2025-12-01 14:09:38.860] [DEBUG  ] 找到up_action对应的QToolButton [..\..\Sources\mainwindow.cpp:347]
[2025-12-01 14:09:38.860] [DEBUG  ] 找到up_action对应的QToolButton [..\..\Sources\mainwindow.cpp:235]
[2025-12-01 14:09:38.860] [DEBUG  ] 数据库位置 +  "D:/Project/QT_project/newsoft/newsoft/Bin/Database/user.db" [..\..\Sources\usermanager.cpp:55]
[2025-12-01 14:09:38.861] [DEBUG  ] 数据库打开成功: "D:\\Project\\QT_project\\newsoft\\newsoft\\Bin\\Database\\user.db" [..\..\Sources\usermanager.cpp:66]
[2025-12-01 14:09:38.863] [DEBUG  ] 数据库打开成功: "D:\\Project\\QT_project\\newsoft\\newsoft\\Bin\\Database\\log.db" [..\..\Sources\logmanager.cpp:63]
[2025-12-01 14:09:38.867] [WARN   ] Unknown property transition [:0]
[2025-12-01 14:09:38.867] [WARN   ] Unknown property transition [:0]
[2025-12-01 14:09:38.868] [WARN   ] Unknown property transition [:0]
[2025-12-01 14:09:38.868] [WARN   ] Unknown property transition [:0]
[2025-12-01 14:09:38.868] [WARN   ] Unknown property transition [:0]
[2025-12-01 14:09:38.868] [WARN   ] Unknown property transition [:0]
[2025-12-01 14:09:38.868] [WARN   ] Unknown property transition [:0]
[2025-12-01 14:09:38.868] [WARN   ] Unknown property transition [:0]
[2025-12-01 14:09:38.868] [WARN   ] Unknown property transition [:0]
[2025-12-01 14:09:38.868] [WARN   ] Unknown property transition [:0]
[2025-12-01 14:09:38.868] [WARN   ] Unknown property transition [:0]
[2025-12-01 14:09:38.868] [WARN   ] Unknown property transition [:0]
[2025-12-01 14:09:38.868] [WARN   ] Unknown property transition [:0]
[2025-12-01 14:09:38.869] [WARN   ] Unknown property transition [:0]
[2025-12-01 14:09:38.869] [WARN   ] Unknown property transition [:0]
[2025-12-01 14:09:38.869] [WARN   ] Unknown property transition [:0]
[2025-12-01 14:09:38.869] [WARN   ] Unknown property transition [:0]
[2025-12-01 14:09:38.869] [WARN   ] Unknown property transition [:0]
[2025-12-01 14:09:38.869] [WARN   ] Unknown property transition [:0]
[2025-12-01 14:09:38.869] [WARN   ] Unknown property transition [:0]
[2025-12-01 14:09:38.869] [WARN   ] Unknown property transition [:0]
[2025-12-01 14:09:38.869] [WARN   ] Unknown property transition [:0]
[2025-12-01 14:09:38.869] [WARN   ] Unknown property transition [:0]
[2025-12-01 14:09:38.870] [WARN   ] Unknown property transition [:0]
[2025-12-01 14:09:38.870] [WARN   ] Unknown property transition [:0]
[2025-12-01 14:09:38.870] [WARN   ] Unknown property transition [:0]
[2025-12-01 14:09:38.870] [WARN   ] Unknown property transition [:0]
[2025-12-01 14:09:38.870] [WARN   ] Unknown property transition [:0]
[2025-12-01 14:09:38.870] [WARN   ] Unknown property transition [:0]
[2025-12-01 14:09:38.870] [WARN   ] Unknown property transition [:0]
[2025-12-01 14:09:38.870] [WARN   ] Unknown property transition [:0]
[2025-12-01 14:09:38.870] [WARN   ] Unknown property transition [:0]
[2025-12-01 14:09:38.870] [WARN   ] Unknown property transition [:0]
[2025-12-01 14:09:38.870] [WARN   ] Unknown property transition [:0]
[2025-12-01 14:09:38.870] [WARN   ] Unknown property transition [:0]
[2025-12-01 14:09:38.870] [WARN   ] Unknown property transition [:0]
[2025-12-01 14:09:38.871] [WARN   ] Unknown property transition [:0]
[2025-12-01 14:09:38.871] [WARN   ] Unknown property transition [:0]
[2025-12-01 14:09:38.871] [WARN   ] Unknown property transition [:0]
[2025-12-01 14:09:38.871] [WARN   ] Unknown property transition [:0]
[2025-12-01 14:09:38.871] [WARN   ] Unknown property transition [:0]
[2025-12-01 14:09:38.871] [WARN   ] Unknown property transition [:0]
[2025-12-01 14:09:38.871] [WARN   ] Unknown property transition [:0]
[2025-12-01 14:09:38.871] [WARN   ] Unknown property transition [:0]
[2025-12-01 14:09:38.871] [WARN   ] Unknown property transition [:0]
[2025-12-01 14:09:38.872] [WARN   ] Unknown property transition [:0]
[2025-12-01 14:09:38.872] [WARN   ] Unknown property transition [:0]
[2025-12-01 14:09:38.872] [WARN   ] Unknown property transition [:0]
[2025-12-01 14:09:38.872] [WARN   ] Unknown property transition [:0]
[2025-12-01 14:09:38.872] [WARN   ] Unknown property transition [:0]
[2025-12-01 14:09:38.872] [WARN   ] Unknown property transition [:0]
[2025-12-01 14:09:38.872] [WARN   ] Unknown property transition [:0]
[2025-12-01 14:09:38.872] [WARN   ] Unknown property transition [:0]
[2025-12-01 14:09:38.872] [WARN   ] Unknown property transition [:0]
[2025-12-01 14:09:38.872] [WARN   ] Unknown property transition [:0]
[2025-12-01 14:09:38.872] [WARN   ] Unknown property transition [:0]
[2025-12-01 14:09:38.872] [WARN   ] Unknown property transition [:0]
[2025-12-01 14:09:38.873] [WARN   ] Unknown property transition [:0]
[2025-12-01 14:09:38.873] [WARN   ] Unknown property transition [:0]
[2025-12-01 14:09:38.873] [WARN   ] Unknown property transition [:0]
[2025-12-01 14:09:40.609] [WARN   ] Unknown property transition [:0]
[2025-12-01 14:09:40.737] [WARN   ] Unknown property transition [:0]
[2025-12-01 14:09:40.922] [WARN   ] Unknown property transition [:0]
[2025-12-01 14:09:40.994] [DEBUG  ] Kernel::PLC m_nConnectStatus  = 7 [:0]
[2025-12-01 14:09:44.148] [DEBUG  ] Kernel::PLC m_nConnectStatus  = 7 [:0]
[2025-12-01 14:09:44.785] [DEBUG  ] on_pushButton_clicked [..\..\Sources\logindialog.cpp:19]
[2025-12-01 14:09:44.786] [DEBUG  ] on_pushButton_clicked 2 [..\..\Sources\logindialog.cpp:22]
[2025-12-01 14:09:44.786] [DEBUG  ] hashPassword [..\..\Sources\usermanager.cpp:160]
[2025-12-01 14:09:44.787] [DEBUG  ] hashPassword2 [..\..\Sources\usermanager.cpp:163]
[2025-12-01 14:09:44.787] [DEBUG  ] hash算完了 [..\..\Sources\usermanager.cpp:145]
[2025-12-01 14:09:44.796] [DEBUG  ] 找到用户: "Ceshi" [..\..\Sources\usermanager.cpp:128]
[2025-12-01 14:09:44.796] [DEBUG  ] getUser成功了 [..\..\Sources\usermanager.cpp:147]
[2025-12-01 14:09:44.796] [DEBUG  ] 用户 "Ceshi" 身份验证: 成功 [..\..\Sources\usermanager.cpp:154]
[2025-12-01 14:09:44.796] [DEBUG  ] hashPassword [..\..\Sources\usermanager.cpp:160]
[2025-12-01 14:09:44.796] [DEBUG  ] hashPassword2 [..\..\Sources\usermanager.cpp:163]
[2025-12-01 14:09:44.796] [DEBUG  ] hash算完了 [..\..\Sources\usermanager.cpp:145]
[2025-12-01 14:09:44.798] [DEBUG  ] 找到用户: "Ceshi" [..\..\Sources\usermanager.cpp:128]
[2025-12-01 14:09:44.798] [DEBUG  ] getUser成功了 [..\..\Sources\usermanager.cpp:147]
[2025-12-01 14:09:44.798] [DEBUG  ] 用户 "Ceshi" 身份验证: 成功 [..\..\Sources\usermanager.cpp:154]
[2025-12-01 14:09:44.800] [DEBUG  ] 找到用户: "Ceshi" [..\..\Sources\usermanager.cpp:128]
[2025-12-01 14:09:44.802] [DEBUG  ] 找到用户: "Ceshi" [..\..\Sources\usermanager.cpp:128]
[2025-12-01 14:09:44.818] [DEBUG  ] refreshLogView  'N'   device  1 [..\..\Sources\mainwindow.cpp:621]
[2025-12-01 14:09:44.818] [DEBUG  ] getUserLogsWithDetails for user: "Ceshi" level filter: 'N' device filter: 1 [..\..\Sources\logmanager.cpp:114]
[2025-12-01 14:09:44.859] [DEBUG  ] 找到 24 条日志记录 [..\..\Sources\logmanager.cpp:186]
[2025-12-01 14:09:44.859] [DEBUG  ] log添加成功: "Ceshi" [..\..\Sources\logmanager.cpp:212]
[2025-12-01 14:09:44.859] [DEBUG  ] 账号密码OK [..\..\Sources\logindialog.cpp:26]
[2025-12-01 14:09:47.278] [DEBUG  ] Kernel::PLC m_nConnectStatus  = 7 [:0]
[2025-12-01 14:09:49.505] [WARN   ] Unknown property transition [:0]
[2025-12-01 14:09:49.513] [WARN   ] Unknown property transition [:0]
[2025-12-01 14:09:49.513] [WARN   ] Unknown property transition [:0]
[2025-12-01 14:09:49.520] [WARN   ] Unknown property transition [:0]
[2025-12-01 14:09:50.430] [DEBUG  ] Kernel::PLC m_nConnectStatus  = 7 [:0]
[2025-12-01 14:09:50.786] [WARN   ] Unknown property transition [:0]
[2025-12-01 14:09:50.786] [WARN   ] Unknown property transition [:0]
[2025-12-01 14:09:50.833] [DEBUG  ] Init over: g_pDatabase =
[2025-12-01 14:09:50.833] [DEBUG  ] initHMI SetDBValue ===  0 [..\..\Sources\mainwindow.cpp:748]
[2025-12-01 14:09:50.833] [DEBUG  ] QQQQ =  0 ZZZ =  0 [..\..\Sources\mainwindow.cpp:752]
[2025-12-01 14:09:50.833] [DEBUG  ] 当前MCHN_CONFIG_DEVICE1为 0 [..\..\Sources\mainwindow.cpp:413]
[2025-12-01 14:09:50.833] [DEBUG  ] 当前MCHN_CONFIG_AXIS_DRIVER1为 0 [..\..\Sources\mainwindow.cpp:415]
[2025-12-01 14:09:50.833] [DEBUG  ] 当前操作轴为 0 [..\..\Sources\mainwindow.cpp:427]
[2025-12-01 14:09:50.869] [DEBUG  ] 启动马达
[2025-12-01 14:09:50.870] [WARN   ] Unknown property transition [:0]
[2025-12-01 14:09:50.870] [WARN   ] Unknown property transition [:0]
[2025-12-01 14:09:50.917] [DEBUG  ] up_action释放 [..\..\Sources\mainwindow.cpp:255]
[2025-12-01 14:09:51.258] [WARN   ] Unknown property transition [:0]
[2025-12-01 14:09:51.258] [WARN   ] Unknown property transition [:0]
[2025-12-01 14:09:51.978] [WARN   ] Unknown property transition [:0]
[2025-12-01 14:09:51.978] [WARN   ] Unknown property transition [:0]
[2025-12-01 14:09:52.058] [DEBUG  ] Init over: g_pDatabase =
[2025-12-01 14:09:52.058] [DEBUG  ] initHMI SetDBValue ===  0 [..\..\Sources\mainwindow.cpp:748]
[2025-12-01 14:09:52.058] [DEBUG  ] QQQQ =  0 ZZZ =  0 [..\..\Sources\mainwindow.cpp:752]
[2025-12-01 14:09:52.058] [DEBUG  ] 当前MCHN_CONFIG_DEVICE1为 0 [..\..\Sources\mainwindow.cpp:413]
[2025-12-01 14:09:52.058] [DEBUG  ] 当前MCHN_CONFIG_AXIS_DRIVER1为 0 [..\..\Sources\mainwindow.cpp:415]
[2025-12-01 14:09:52.092] [DEBUG  ] 关闭马达
[2025-12-01 14:09:52.140] [DEBUG  ] up_action释放 [..\..\Sources\mainwindow.cpp:255]
[2025-12-01 14:09:53.386] [DEBUG  ] 数据库连接已关闭 [..\..\Sources\usermanager.cpp:180]
[2025-12-01 14:09:53.386] [DEBUG  ] UserManager单例销毁 [..\..\Sources\usermanager.cpp:19]
[2025-12-01 14:09:53.387] [DEBUG  ] 数据库连接已关闭 [..\..\Sources\logmanager.cpp:80]
[2025-12-01 14:09:53.387] [DEBUG  ] LogManager单例销毁 [..\..\Sources\logmanager.cpp:16]
[2025-12-01 14:09:59.866] [DEBUG  ] Init over: g_pDatabase =
[2025-12-01 14:09:59.867] [DEBUG  ] Kernel::PLC PLCRxThread::run()  new pDevicePLC start  [:0]
[2025-12-01 14:09:59.867] [DEBUG  ] Kernel::PLC LoadConf  m_SrcIP: "169.254.11.110" SrcPort: 2212 m_DestIP: "169.254.11.10" DestPort: 2212  m_LinkStatus.wProVer 1 m_LinkStatus.wPriv 10 [:0]
[2025-12-01 14:09:59.902] [DEBUG  ] Kernel::PLC PLCRxThread::run()  new pDevicePLC end  0x1f148679250 [:0]
[2025-12-01 14:09:59.902] [DEBUG  ] Kernel::PLC PLCRxThread::run()  new PLCTxThread end  0x1f1486cb680 [:0]
[2025-12-01 14:09:59.905] [DEBUG  ] Kernel::PLC m_nConnectStatus  = 7 [:0]
[2025-12-01 14:09:59.929] [WARN   ] Unknown property transition [:0]
[2025-12-01 14:09:59.929] [WARN   ] Unknown property transition [:0]
[2025-12-01 14:10:00.792] [WARN   ] Unknown property transition [:0]
[2025-12-01 14:10:00.792] [WARN   ] Unknown property transition [:0]
[2025-12-01 14:10:00.792] [WARN   ] Unknown property transition [:0]
[2025-12-01 14:10:00.792] [WARN   ] Unknown property transition [:0]
[2025-12-01 14:10:00.793] [WARN   ] Unknown property transition [:0]
[2025-12-01 14:10:00.793] [WARN   ] Unknown property transition [:0]
[2025-12-01 14:10:00.793] [WARN   ] Unknown property transition [:0]
[2025-12-01 14:10:00.793] [WARN   ] Unknown property transition [:0]
[2025-12-01 14:10:00.793] [WARN   ] Unknown property transition [:0]
[2025-12-01 14:10:00.793] [WARN   ] Unknown property transition [:0]
[2025-12-01 14:10:00.793] [WARN   ] Unknown property transition [:0]
[2025-12-01 14:10:00.793] [WARN   ] Unknown property transition [:0]
[2025-12-01 14:10:00.793] [WARN   ] Unknown property transition [:0]
[2025-12-01 14:10:00.794] [WARN   ] Unknown property transition [:0]
[2025-12-01 14:10:00.794] [WARN   ] Unknown property transition [:0]
[2025-12-01 14:10:00.794] [WARN   ] Unknown property transition [:0]
[2025-12-01 14:10:00.794] [WARN   ] Unknown property transition [:0]
[2025-12-01 14:10:00.794] [WARN   ] Unknown property transition [:0]
[2025-12-01 14:10:00.794] [WARN   ] Unknown property transition [:0]
[2025-12-01 14:10:00.794] [WARN   ] Unknown property transition [:0]
[2025-12-01 14:10:00.794] [WARN   ] Unknown property transition [:0]
[2025-12-01 14:10:00.794] [WARN   ] Unknown property transition [:0]
[2025-12-01 14:10:00.795] [WARN   ] Unknown property transition [:0]
[2025-12-01 14:10:00.795] [WARN   ] Unknown property transition [:0]
[2025-12-01 14:10:00.795] [WARN   ] Unknown property transition [:0]
[2025-12-01 14:10:00.795] [WARN   ] Unknown property transition [:0]
[2025-12-01 14:10:00.795] [WARN   ] Unknown property transition [:0]
[2025-12-01 14:10:00.795] [WARN   ] Unknown property transition [:0]
[2025-12-01 14:10:00.795] [WARN   ] Unknown property transition [:0]
[2025-12-01 14:10:00.795] [WARN   ] Unknown property transition [:0]
[2025-12-01 14:10:00.795] [WARN   ] Unknown property transition [:0]
[2025-12-01 14:10:00.795] [WARN   ] Unknown property transition [:0]
[2025-12-01 14:10:00.797] [WARN   ] QMetaObject::connectSlotsByName: No matching signal for on_pushButton_up_clicked() [:0]
[2025-12-01 14:10:00.797] [WARN   ] QMetaObject::connectSlotsByName: No matching signal for on_pushButton_down_clicked() [:0]
[2025-12-01 14:10:00.797] [WARN   ] QMetaObject::connectSlotsByName: No matching signal for on_actionwire_triggered() [:0]
[2025-12-01 14:10:00.797] [INFO   ] 测试中文日志 - Chinese log test
[2025-12-01 14:10:00.797] [DEBUG  ] 这是一个调试信息
[2025-12-01 14:10:00.797] [DEBUG  ] Init over: g_pDatabase =
[2025-12-01 14:10:00.797] [DEBUG  ] initHMI SetDBValue ===  0 [..\..\Sources\mainwindow.cpp:748]
[2025-12-01 14:10:00.797] [DEBUG  ] QQQQ =  0 ZZZ =  0 [..\..\Sources\mainwindow.cpp:752]
[2025-12-01 14:10:00.797] [DEBUG  ] HMIKernel 初始化完成
[2025-12-01 14:10:00.798] [DEBUG  ] LogManager单例创建 [..\..\Sources\logmanager.cpp:11]
[2025-12-01 14:10:00.798] [DEBUG  ] UserManager单例创建 [..\..\Sources\usermanager.cpp:14]
[2025-12-01 14:10:00.798] [DEBUG  ] 数据库未打开，无法添加用户 [..\..\Sources\logmanager.cpp:194]
[2025-12-01 14:10:00.933] [DEBUG  ] 找到up_action对应的QToolButton [..\..\Sources\mainwindow.cpp:276]
[2025-12-01 14:10:00.933] [DEBUG  ] 找到down_action对应的QToolButton [..\..\Sources\mainwindow.cpp:346]
[2025-12-01 14:10:00.933] [DEBUG  ] 找到up_action对应的QToolButton [..\..\Sources\mainwindow.cpp:347]
[2025-12-01 14:10:00.933] [DEBUG  ] 找到up_action对应的QToolButton [..\..\Sources\mainwindow.cpp:235]
[2025-12-01 14:10:00.934] [DEBUG  ] 数据库位置 +  "D:/Project/QT_project/newsoft/newsoft/Bin/Database/user.db" [..\..\Sources\usermanager.cpp:55]
[2025-12-01 14:10:00.934] [DEBUG  ] 数据库打开成功: "D:\\Project\\QT_project\\newsoft\\newsoft\\Bin\\Database\\user.db" [..\..\Sources\usermanager.cpp:66]
[2025-12-01 14:10:00.934] [DEBUG  ] 数据库打开成功: "D:\\Project\\QT_project\\newsoft\\newsoft\\Bin\\Database\\log.db" [..\..\Sources\logmanager.cpp:63]
[2025-12-01 14:10:00.938] [WARN   ] Unknown property transition [:0]
[2025-12-01 14:10:00.938] [WARN   ] Unknown property transition [:0]
[2025-12-01 14:10:00.938] [WARN   ] Unknown property transition [:0]
[2025-12-01 14:10:00.939] [WARN   ] Unknown property transition [:0]
[2025-12-01 14:10:00.939] [WARN   ] Unknown property transition [:0]
[2025-12-01 14:10:00.939] [WARN   ] Unknown property transition [:0]
[2025-12-01 14:10:00.939] [WARN   ] Unknown property transition [:0]
[2025-12-01 14:10:00.939] [WARN   ] Unknown property transition [:0]
[2025-12-01 14:10:00.939] [WARN   ] Unknown property transition [:0]
[2025-12-01 14:10:00.939] [WARN   ] Unknown property transition [:0]
[2025-12-01 14:10:00.939] [WARN   ] Unknown property transition [:0]
[2025-12-01 14:10:00.939] [WARN   ] Unknown property transition [:0]
[2025-12-01 14:10:00.939] [WARN   ] Unknown property transition [:0]
[2025-12-01 14:10:00.939] [WARN   ] Unknown property transition [:0]
[2025-12-01 14:10:00.939] [WARN   ] Unknown property transition [:0]
[2025-12-01 14:10:00.939] [WARN   ] Unknown property transition [:0]
[2025-12-01 14:10:00.940] [WARN   ] Unknown property transition [:0]
[2025-12-01 14:10:00.940] [WARN   ] Unknown property transition [:0]
[2025-12-01 14:10:00.940] [WARN   ] Unknown property transition [:0]
[2025-12-01 14:10:00.940] [WARN   ] Unknown property transition [:0]
[2025-12-01 14:10:00.940] [WARN   ] Unknown property transition [:0]
[2025-12-01 14:10:00.940] [WARN   ] Unknown property transition [:0]
[2025-12-01 14:10:00.941] [WARN   ] Unknown property transition [:0]
[2025-12-01 14:10:00.941] [WARN   ] Unknown property transition [:0]
[2025-12-01 14:10:00.941] [WARN   ] Unknown property transition [:0]
[2025-12-01 14:10:00.941] [WARN   ] Unknown property transition [:0]
[2025-12-01 14:10:00.941] [WARN   ] Unknown property transition [:0]
[2025-12-01 14:10:00.941] [WARN   ] Unknown property transition [:0]
[2025-12-01 14:10:00.941] [WARN   ] Unknown property transition [:0]
[2025-12-01 14:10:00.941] [WARN   ] Unknown property transition [:0]
[2025-12-01 14:10:00.941] [WARN   ] Unknown property transition [:0]
[2025-12-01 14:10:00.941] [WARN   ] Unknown property transition [:0]
[2025-12-01 14:10:00.941] [WARN   ] Unknown property transition [:0]
[2025-12-01 14:10:00.941] [WARN   ] Unknown property transition [:0]
[2025-12-01 14:10:00.941] [WARN   ] Unknown property transition [:0]
[2025-12-01 14:10:00.942] [WARN   ] Unknown property transition [:0]
[2025-12-01 14:10:00.942] [WARN   ] Unknown property transition [:0]
[2025-12-01 14:10:00.942] [WARN   ] Unknown property transition [:0]
[2025-12-01 14:10:00.942] [WARN   ] Unknown property transition [:0]
[2025-12-01 14:10:00.942] [WARN   ] Unknown property transition [:0]
[2025-12-01 14:10:00.942] [WARN   ] Unknown property transition [:0]
[2025-12-01 14:10:00.942] [WARN   ] Unknown property transition [:0]
[2025-12-01 14:10:00.942] [WARN   ] Unknown property transition [:0]
[2025-12-01 14:10:00.942] [WARN   ] Unknown property transition [:0]
[2025-12-01 14:10:00.942] [WARN   ] Unknown property transition [:0]
[2025-12-01 14:10:00.943] [WARN   ] Unknown property transition [:0]
[2025-12-01 14:10:00.943] [WARN   ] Unknown property transition [:0]
[2025-12-01 14:10:00.943] [WARN   ] Unknown property transition [:0]
[2025-12-01 14:10:00.943] [WARN   ] Unknown property transition [:0]
[2025-12-01 14:10:00.943] [WARN   ] Unknown property transition [:0]
[2025-12-01 14:10:00.943] [WARN   ] Unknown property transition [:0]
[2025-12-01 14:10:00.943] [WARN   ] Unknown property transition [:0]
[2025-12-01 14:10:00.943] [WARN   ] Unknown property transition [:0]
[2025-12-01 14:10:00.943] [WARN   ] Unknown property transition [:0]
[2025-12-01 14:10:00.943] [WARN   ] Unknown property transition [:0]
[2025-12-01 14:10:00.943] [WARN   ] Unknown property transition [:0]
[2025-12-01 14:10:00.943] [WARN   ] Unknown property transition [:0]
[2025-12-01 14:10:00.943] [WARN   ] Unknown property transition [:0]
[2025-12-01 14:10:00.943] [WARN   ] Unknown property transition [:0]
[2025-12-01 14:10:00.943] [WARN   ] Unknown property transition [:0]
[2025-12-01 14:10:02.610] [WARN   ] Unknown property transition [:0]
[2025-12-01 14:10:02.649] [WARN   ] Unknown property transition [:0]
[2025-12-01 14:10:02.794] [WARN   ] Unknown property transition [:0]
[2025-12-01 14:10:03.071] [DEBUG  ] Kernel::PLC m_nConnectStatus  = 7 [:0]
[2025-12-01 14:10:05.732] [DEBUG  ] 数据库连接已关闭 [..\..\Sources\usermanager.cpp:180]
[2025-12-01 14:10:05.732] [DEBUG  ] UserManager单例销毁 [..\..\Sources\usermanager.cpp:19]
[2025-12-01 14:10:05.732] [DEBUG  ] 数据库连接已关闭 [..\..\Sources\logmanager.cpp:80]
[2025-12-01 14:10:05.732] [DEBUG  ] LogManager单例销毁 [..\..\Sources\logmanager.cpp:16]
[2025-12-01 14:10:10.278] [DEBUG  ] Init over: g_pDatabase =
[2025-12-01 14:10:10.278] [DEBUG  ] Kernel::PLC PLCRxThread::run()  new pDevicePLC start  [:0]
[2025-12-01 14:10:10.279] [DEBUG  ] Kernel::PLC LoadConf  m_SrcIP: "169.254.11.110" SrcPort: 2212 m_DestIP: "169.254.11.10" DestPort: 2212  m_LinkStatus.wProVer 1 m_LinkStatus.wPriv 10 [:0]
[2025-12-01 14:10:10.311] [DEBUG  ] Kernel::PLC PLCRxThread::run()  new pDevicePLC end  0x2576544bed0 [:0]
[2025-12-01 14:10:10.311] [DEBUG  ] Kernel::PLC PLCRxThread::run()  new PLCTxThread end  0x257682e8180 [:0]
[2025-12-01 14:10:10.313] [DEBUG  ] Kernel::PLC m_nConnectStatus  = 7 [:0]
[2025-12-01 14:10:10.340] [WARN   ] Unknown property transition [:0]
[2025-12-01 14:10:10.340] [WARN   ] Unknown property transition [:0]
[2025-12-01 14:10:11.192] [WARN   ] Unknown property transition [:0]
[2025-12-01 14:10:11.192] [WARN   ] Unknown property transition [:0]
[2025-12-01 14:10:11.192] [WARN   ] Unknown property transition [:0]
[2025-12-01 14:10:11.192] [WARN   ] Unknown property transition [:0]
[2025-12-01 14:10:11.193] [WARN   ] Unknown property transition [:0]
[2025-12-01 14:10:11.193] [WARN   ] Unknown property transition [:0]
[2025-12-01 14:10:11.193] [WARN   ] Unknown property transition [:0]
[2025-12-01 14:10:11.193] [WARN   ] Unknown property transition [:0]
[2025-12-01 14:10:11.193] [WARN   ] Unknown property transition [:0]
[2025-12-01 14:10:11.193] [WARN   ] Unknown property transition [:0]
[2025-12-01 14:10:11.193] [WARN   ] Unknown property transition [:0]
[2025-12-01 14:10:11.193] [WARN   ] Unknown property transition [:0]
[2025-12-01 14:10:11.193] [WARN   ] Unknown property transition [:0]
[2025-12-01 14:10:11.194] [WARN   ] Unknown property transition [:0]
[2025-12-01 14:10:11.194] [WARN   ] Unknown property transition [:0]
[2025-12-01 14:10:11.194] [WARN   ] Unknown property transition [:0]
[2025-12-01 14:10:11.194] [WARN   ] Unknown property transition [:0]
[2025-12-01 14:10:11.194] [WARN   ] Unknown property transition [:0]
[2025-12-01 14:10:11.194] [WARN   ] Unknown property transition [:0]
[2025-12-01 14:10:11.194] [WARN   ] Unknown property transition [:0]
[2025-12-01 14:10:11.194] [WARN   ] Unknown property transition [:0]
[2025-12-01 14:10:11.194] [WARN   ] Unknown property transition [:0]
[2025-12-01 14:10:11.195] [WARN   ] Unknown property transition [:0]
[2025-12-01 14:10:11.195] [WARN   ] Unknown property transition [:0]
[2025-12-01 14:10:11.195] [WARN   ] Unknown property transition [:0]
[2025-12-01 14:10:11.195] [WARN   ] Unknown property transition [:0]
[2025-12-01 14:10:11.195] [WARN   ] Unknown property transition [:0]
[2025-12-01 14:10:11.195] [WARN   ] Unknown property transition [:0]
[2025-12-01 14:10:11.195] [WARN   ] Unknown property transition [:0]
[2025-12-01 14:10:11.195] [WARN   ] Unknown property transition [:0]
[2025-12-01 14:10:11.195] [WARN   ] Unknown property transition [:0]
[2025-12-01 14:10:11.195] [WARN   ] Unknown property transition [:0]
[2025-12-01 14:10:11.197] [WARN   ] QMetaObject::connectSlotsByName: No matching signal for on_pushButton_up_clicked() [:0]
[2025-12-01 14:10:11.197] [WARN   ] QMetaObject::connectSlotsByName: No matching signal for on_pushButton_down_clicked() [:0]
[2025-12-01 14:10:11.197] [WARN   ] QMetaObject::connectSlotsByName: No matching signal for on_actionwire_triggered() [:0]
[2025-12-01 14:10:11.197] [INFO   ] 测试中文日志 - Chinese log test
[2025-12-01 14:10:11.197] [DEBUG  ] 这是一个调试信息
[2025-12-01 14:10:11.197] [DEBUG  ] Init over: g_pDatabase =
[2025-12-01 14:10:11.198] [DEBUG  ] initHMI SetDBValue ===  0 [..\..\Sources\mainwindow.cpp:748]
[2025-12-01 14:10:11.198] [DEBUG  ] QQQQ =  0 ZZZ =  0 [..\..\Sources\mainwindow.cpp:752]
[2025-12-01 14:10:11.198] [DEBUG  ] HMIKernel 初始化完成
[2025-12-01 14:10:11.198] [DEBUG  ] LogManager单例创建 [..\..\Sources\logmanager.cpp:11]
[2025-12-01 14:10:11.198] [DEBUG  ] UserManager单例创建 [..\..\Sources\usermanager.cpp:14]
[2025-12-01 14:10:11.198] [DEBUG  ] 数据库未打开，无法添加用户 [..\..\Sources\logmanager.cpp:194]
[2025-12-01 14:10:11.333] [DEBUG  ] 找到up_action对应的QToolButton [..\..\Sources\mainwindow.cpp:276]
[2025-12-01 14:10:11.333] [DEBUG  ] 找到down_action对应的QToolButton [..\..\Sources\mainwindow.cpp:346]
[2025-12-01 14:10:11.333] [DEBUG  ] 找到up_action对应的QToolButton [..\..\Sources\mainwindow.cpp:347]
[2025-12-01 14:10:11.333] [DEBUG  ] 找到up_action对应的QToolButton [..\..\Sources\mainwindow.cpp:235]
[2025-12-01 14:10:11.333] [DEBUG  ] 数据库位置 +  "D:/Project/QT_project/newsoft/newsoft/Bin/Database/user.db" [..\..\Sources\usermanager.cpp:55]
[2025-12-01 14:10:11.333] [DEBUG  ] 数据库打开成功: "D:\\Project\\QT_project\\newsoft\\newsoft\\Bin\\Database\\user.db" [..\..\Sources\usermanager.cpp:66]
[2025-12-01 14:10:11.334] [DEBUG  ] 数据库打开成功: "D:\\Project\\QT_project\\newsoft\\newsoft\\Bin\\Database\\log.db" [..\..\Sources\logmanager.cpp:63]
[2025-12-01 14:10:11.338] [WARN   ] Unknown property transition [:0]
[2025-12-01 14:10:11.338] [WARN   ] Unknown property transition [:0]
[2025-12-01 14:10:11.338] [WARN   ] Unknown property transition [:0]
[2025-12-01 14:10:11.338] [WARN   ] Unknown property transition [:0]
[2025-12-01 14:10:11.338] [WARN   ] Unknown property transition [:0]
[2025-12-01 14:10:11.338] [WARN   ] Unknown property transition [:0]
[2025-12-01 14:10:11.339] [WARN   ] Unknown property transition [:0]
[2025-12-01 14:10:11.339] [WARN   ] Unknown property transition [:0]
[2025-12-01 14:10:11.339] [WARN   ] Unknown property transition [:0]
[2025-12-01 14:10:11.339] [WARN   ] Unknown property transition [:0]
[2025-12-01 14:10:11.339] [WARN   ] Unknown property transition [:0]
[2025-12-01 14:10:11.339] [WARN   ] Unknown property transition [:0]
[2025-12-01 14:10:11.339] [WARN   ] Unknown property transition [:0]
[2025-12-01 14:10:11.339] [WARN   ] Unknown property transition [:0]
[2025-12-01 14:10:11.339] [WARN   ] Unknown property transition [:0]
[2025-12-01 14:10:11.339] [WARN   ] Unknown property transition [:0]
[2025-12-01 14:10:11.339] [WARN   ] Unknown property transition [:0]
[2025-12-01 14:10:11.340] [WARN   ] Unknown property transition [:0]
[2025-12-01 14:10:11.340] [WARN   ] Unknown property transition [:0]
[2025-12-01 14:10:11.340] [WARN   ] Unknown property transition [:0]
[2025-12-01 14:10:11.340] [WARN   ] Unknown property transition [:0]
[2025-12-01 14:10:11.340] [WARN   ] Unknown property transition [:0]
[2025-12-01 14:10:11.340] [WARN   ] Unknown property transition [:0]
[2025-12-01 14:10:11.340] [WARN   ] Unknown property transition [:0]
[2025-12-01 14:10:11.340] [WARN   ] Unknown property transition [:0]
[2025-12-01 14:10:11.340] [WARN   ] Unknown property transition [:0]
[2025-12-01 14:10:11.340] [WARN   ] Unknown property transition [:0]
[2025-12-01 14:10:11.340] [WARN   ] Unknown property transition [:0]
[2025-12-01 14:10:11.340] [WARN   ] Unknown property transition [:0]
[2025-12-01 14:10:11.341] [WARN   ] Unknown property transition [:0]
[2025-12-01 14:10:11.341] [WARN   ] Unknown property transition [:0]
[2025-12-01 14:10:11.341] [WARN   ] Unknown property transition [:0]
[2025-12-01 14:10:11.341] [WARN   ] Unknown property transition [:0]
[2025-12-01 14:10:11.341] [WARN   ] Unknown property transition [:0]
[2025-12-01 14:10:11.341] [WARN   ] Unknown property transition [:0]
[2025-12-01 14:10:11.341] [WARN   ] Unknown property transition [:0]
[2025-12-01 14:10:11.341] [WARN   ] Unknown property transition [:0]
[2025-12-01 14:10:11.341] [WARN   ] Unknown property transition [:0]
[2025-12-01 14:10:11.341] [WARN   ] Unknown property transition [:0]
[2025-12-01 14:10:11.341] [WARN   ] Unknown property transition [:0]
[2025-12-01 14:10:11.341] [WARN   ] Unknown property transition [:0]
[2025-12-01 14:10:11.341] [WARN   ] Unknown property transition [:0]
[2025-12-01 14:10:11.342] [WARN   ] Unknown property transition [:0]
[2025-12-01 14:10:11.342] [WARN   ] Unknown property transition [:0]
[2025-12-01 14:10:11.342] [WARN   ] Unknown property transition [:0]
[2025-12-01 14:10:11.342] [WARN   ] Unknown property transition [:0]
[2025-12-01 14:10:11.342] [WARN   ] Unknown property transition [:0]
[2025-12-01 14:10:11.343] [WARN   ] Unknown property transition [:0]
[2025-12-01 14:10:11.343] [WARN   ] Unknown property transition [:0]
[2025-12-01 14:10:11.343] [WARN   ] Unknown property transition [:0]
[2025-12-01 14:10:11.343] [WARN   ] Unknown property transition [:0]
[2025-12-01 14:10:11.343] [WARN   ] Unknown property transition [:0]
[2025-12-01 14:10:11.343] [WARN   ] Unknown property transition [:0]
[2025-12-01 14:10:11.343] [WARN   ] Unknown property transition [:0]
[2025-12-01 14:10:11.343] [WARN   ] Unknown property transition [:0]
[2025-12-01 14:10:11.343] [WARN   ] Unknown property transition [:0]
[2025-12-01 14:10:11.343] [WARN   ] Unknown property transition [:0]
[2025-12-01 14:10:11.343] [WARN   ] Unknown property transition [:0]
[2025-12-01 14:10:11.343] [WARN   ] Unknown property transition [:0]
[2025-12-01 14:10:11.343] [WARN   ] Unknown property transition [:0]
[2025-12-01 14:10:12.985] [WARN   ] Unknown property transition [:0]
[2025-12-01 14:10:13.146] [WARN   ] Unknown property transition [:0]
[2025-12-01 14:10:13.453] [DEBUG  ] Kernel::PLC m_nConnectStatus  = 7 [:0]
[2025-12-01 14:10:16.583] [DEBUG  ] Kernel::PLC m_nConnectStatus  = 7 [:0]
[2025-12-01 14:10:16.753] [DEBUG  ] on_pushButton_clicked [..\..\Sources\logindialog.cpp:19]
[2025-12-01 14:10:16.753] [DEBUG  ] on_pushButton_clicked 2 [..\..\Sources\logindialog.cpp:22]
[2025-12-01 14:10:16.753] [DEBUG  ] hashPassword [..\..\Sources\usermanager.cpp:160]
[2025-12-01 14:10:16.754] [DEBUG  ] hashPassword2 [..\..\Sources\usermanager.cpp:163]
[2025-12-01 14:10:16.754] [DEBUG  ] hash算完了 [..\..\Sources\usermanager.cpp:145]
[2025-12-01 14:10:16.759] [DEBUG  ] 找到用户: "Ceshi" [..\..\Sources\usermanager.cpp:128]
[2025-12-01 14:10:16.759] [DEBUG  ] getUser成功了 [..\..\Sources\usermanager.cpp:147]
[2025-12-01 14:10:16.759] [DEBUG  ] 用户 "Ceshi" 身份验证: 成功 [..\..\Sources\usermanager.cpp:154]
[2025-12-01 14:10:16.759] [DEBUG  ] hashPassword [..\..\Sources\usermanager.cpp:160]
[2025-12-01 14:10:16.759] [DEBUG  ] hashPassword2 [..\..\Sources\usermanager.cpp:163]
[2025-12-01 14:10:16.759] [DEBUG  ] hash算完了 [..\..\Sources\usermanager.cpp:145]
[2025-12-01 14:10:16.761] [DEBUG  ] 找到用户: "Ceshi" [..\..\Sources\usermanager.cpp:128]
[2025-12-01 14:10:16.761] [DEBUG  ] getUser成功了 [..\..\Sources\usermanager.cpp:147]
[2025-12-01 14:10:16.761] [DEBUG  ] 用户 "Ceshi" 身份验证: 成功 [..\..\Sources\usermanager.cpp:154]
[2025-12-01 14:10:16.763] [DEBUG  ] 找到用户: "Ceshi" [..\..\Sources\usermanager.cpp:128]
[2025-12-01 14:10:16.765] [DEBUG  ] 找到用户: "Ceshi" [..\..\Sources\usermanager.cpp:128]
[2025-12-01 14:10:16.780] [DEBUG  ] refreshLogView  'N'   device  1 [..\..\Sources\mainwindow.cpp:621]
[2025-12-01 14:10:16.780] [DEBUG  ] getUserLogsWithDetails for user: "Ceshi" level filter: 'N' device filter: 1 [..\..\Sources\logmanager.cpp:114]
[2025-12-01 14:10:16.823] [DEBUG  ] 找到 25 条日志记录 [..\..\Sources\logmanager.cpp:186]
[2025-12-01 14:10:16.823] [DEBUG  ] log添加成功: "Ceshi" [..\..\Sources\logmanager.cpp:212]
[2025-12-01 14:10:16.823] [DEBUG  ] 账号密码OK [..\..\Sources\logindialog.cpp:26]
[2025-12-01 14:10:19.692] [DEBUG  ] Kernel::PLC m_nConnectStatus  = 7 [:0]
[2025-12-01 14:10:21.798] [DEBUG  ] 数据库连接已关闭 [..\..\Sources\usermanager.cpp:180]
[2025-12-01 14:10:21.798] [DEBUG  ] UserManager单例销毁 [..\..\Sources\usermanager.cpp:19]
[2025-12-01 14:10:21.799] [DEBUG  ] 数据库连接已关闭 [..\..\Sources\logmanager.cpp:80]
[2025-12-01 14:10:21.799] [DEBUG  ] LogManager单例销毁 [..\..\Sources\logmanager.cpp:16]
[2025-12-01 14:14:17.398] [DEBUG  ] Init over: g_pDatabase =
[2025-12-01 14:14:17.399] [DEBUG  ] Kernel::PLC PLCRxThread::run()  new pDevicePLC start  [:0]
[2025-12-01 14:14:17.399] [DEBUG  ] Kernel::PLC LoadConf  m_SrcIP: "169.254.11.110" SrcPort: 2212 m_DestIP: "169.254.11.10" DestPort: 2212  m_LinkStatus.wProVer 1 m_LinkStatus.wPriv 10 [:0]
[2025-12-01 14:14:17.432] [DEBUG  ] Kernel::PLC PLCRxThread::run()  new pDevicePLC end  0x2342d3fc020 [:0]
[2025-12-01 14:14:17.432] [DEBUG  ] Kernel::PLC PLCRxThread::run()  new PLCTxThread end  0x2342ec66500 [:0]
[2025-12-01 14:14:17.432] [DEBUG  ] Kernel::PLC m_nConnectStatus  = 7 [:0]
[2025-12-01 14:14:17.460] [WARN   ] Unknown property transition [:0]
[2025-12-01 14:14:17.460] [WARN   ] Unknown property transition [:0]
[2025-12-01 14:14:18.320] [WARN   ] Unknown property transition [:0]
[2025-12-01 14:14:18.320] [WARN   ] Unknown property transition [:0]
[2025-12-01 14:14:18.320] [WARN   ] Unknown property transition [:0]
[2025-12-01 14:14:18.321] [WARN   ] Unknown property transition [:0]
[2025-12-01 14:14:18.321] [WARN   ] Unknown property transition [:0]
[2025-12-01 14:14:18.321] [WARN   ] Unknown property transition [:0]
[2025-12-01 14:14:18.321] [WARN   ] Unknown property transition [:0]
[2025-12-01 14:14:18.321] [WARN   ] Unknown property transition [:0]
[2025-12-01 14:14:18.321] [WARN   ] Unknown property transition [:0]
[2025-12-01 14:14:18.321] [WARN   ] Unknown property transition [:0]
[2025-12-01 14:14:18.321] [WARN   ] Unknown property transition [:0]
[2025-12-01 14:14:18.321] [WARN   ] Unknown property transition [:0]
[2025-12-01 14:14:18.322] [WARN   ] Unknown property transition [:0]
[2025-12-01 14:14:18.322] [WARN   ] Unknown property transition [:0]
[2025-12-01 14:14:18.322] [WARN   ] Unknown property transition [:0]
[2025-12-01 14:14:18.322] [WARN   ] Unknown property transition [:0]
[2025-12-01 14:14:18.322] [WARN   ] Unknown property transition [:0]
[2025-12-01 14:14:18.322] [WARN   ] Unknown property transition [:0]
[2025-12-01 14:14:18.322] [WARN   ] Unknown property transition [:0]
[2025-12-01 14:14:18.322] [WARN   ] Unknown property transition [:0]
[2025-12-01 14:14:18.322] [WARN   ] Unknown property transition [:0]
[2025-12-01 14:14:18.322] [WARN   ] Unknown property transition [:0]
[2025-12-01 14:14:18.323] [WARN   ] Unknown property transition [:0]
[2025-12-01 14:14:18.323] [WARN   ] Unknown property transition [:0]
[2025-12-01 14:14:18.323] [WARN   ] Unknown property transition [:0]
[2025-12-01 14:14:18.323] [WARN   ] Unknown property transition [:0]
[2025-12-01 14:14:18.323] [WARN   ] Unknown property transition [:0]
[2025-12-01 14:14:18.323] [WARN   ] Unknown property transition [:0]
[2025-12-01 14:14:18.323] [WARN   ] Unknown property transition [:0]
[2025-12-01 14:14:18.323] [WARN   ] Unknown property transition [:0]
[2025-12-01 14:14:18.323] [WARN   ] Unknown property transition [:0]
[2025-12-01 14:14:18.324] [WARN   ] Unknown property transition [:0]
[2025-12-01 14:14:18.325] [WARN   ] QMetaObject::connectSlotsByName: No matching signal for on_pushButton_up_clicked() [:0]
[2025-12-01 14:14:18.325] [WARN   ] QMetaObject::connectSlotsByName: No matching signal for on_pushButton_down_clicked() [:0]
[2025-12-01 14:14:18.325] [WARN   ] QMetaObject::connectSlotsByName: No matching signal for on_actionwire_triggered() [:0]
[2025-12-01 14:14:18.325] [INFO   ] 测试中文日志 - Chinese log test
[2025-12-01 14:14:18.325] [DEBUG  ] 这是一个调试信息
[2025-12-01 14:14:18.325] [DEBUG  ] Init over: g_pDatabase =
[2025-12-01 14:14:18.326] [DEBUG  ] initHMI SetDBValue ===  0 [..\..\Sources\mainwindow.cpp:748]
[2025-12-01 14:14:18.326] [DEBUG  ] QQQQ =  0 ZZZ =  0 [..\..\Sources\mainwindow.cpp:752]
[2025-12-01 14:14:18.326] [DEBUG  ] HMIKernel 初始化完成
[2025-12-01 14:14:18.326] [DEBUG  ] LogManager单例创建 [..\..\Sources\logmanager.cpp:11]
[2025-12-01 14:14:18.326] [DEBUG  ] UserManager单例创建 [..\..\Sources\usermanager.cpp:14]
[2025-12-01 14:14:18.326] [DEBUG  ] 数据库未打开，无法添加用户 [..\..\Sources\logmanager.cpp:194]
[2025-12-01 14:14:18.459] [DEBUG  ] 找到up_action对应的QToolButton [..\..\Sources\mainwindow.cpp:276]
[2025-12-01 14:14:18.460] [DEBUG  ] 找到down_action对应的QToolButton [..\..\Sources\mainwindow.cpp:346]
[2025-12-01 14:14:18.460] [DEBUG  ] 找到up_action对应的QToolButton [..\..\Sources\mainwindow.cpp:347]
[2025-12-01 14:14:18.460] [DEBUG  ] 找到up_action对应的QToolButton [..\..\Sources\mainwindow.cpp:235]
[2025-12-01 14:14:18.460] [DEBUG  ] 数据库位置 +  "D:/Project/QT_project/newsoft/newsoft/Bin/Database/user.db" [..\..\Sources\usermanager.cpp:55]
[2025-12-01 14:14:18.460] [DEBUG  ] 数据库打开成功: "D:\\Project\\QT_project\\newsoft\\newsoft\\Bin\\Database\\user.db" [..\..\Sources\usermanager.cpp:66]
[2025-12-01 14:14:18.460] [DEBUG  ] 数据库打开成功: "D:\\Project\\QT_project\\newsoft\\newsoft\\Bin\\Database\\log.db" [..\..\Sources\logmanager.cpp:63]
[2025-12-01 14:14:18.465] [WARN   ] Unknown property transition [:0]
[2025-12-01 14:14:18.465] [WARN   ] Unknown property transition [:0]
[2025-12-01 14:14:18.465] [WARN   ] Unknown property transition [:0]
[2025-12-01 14:14:18.465] [WARN   ] Unknown property transition [:0]
[2025-12-01 14:14:18.465] [WARN   ] Unknown property transition [:0]
[2025-12-01 14:14:18.465] [WARN   ] Unknown property transition [:0]
[2025-12-01 14:14:18.465] [WARN   ] Unknown property transition [:0]
[2025-12-01 14:14:18.466] [WARN   ] Unknown property transition [:0]
[2025-12-01 14:14:18.466] [WARN   ] Unknown property transition [:0]
[2025-12-01 14:14:18.466] [WARN   ] Unknown property transition [:0]
[2025-12-01 14:14:18.466] [WARN   ] Unknown property transition [:0]
[2025-12-01 14:14:18.466] [WARN   ] Unknown property transition [:0]
[2025-12-01 14:14:18.466] [WARN   ] Unknown property transition [:0]
[2025-12-01 14:14:18.466] [WARN   ] Unknown property transition [:0]
[2025-12-01 14:14:18.466] [WARN   ] Unknown property transition [:0]
[2025-12-01 14:14:18.466] [WARN   ] Unknown property transition [:0]
[2025-12-01 14:14:18.466] [WARN   ] Unknown property transition [:0]
[2025-12-01 14:14:18.466] [WARN   ] Unknown property transition [:0]
[2025-12-01 14:14:18.467] [WARN   ] Unknown property transition [:0]
[2025-12-01 14:14:18.467] [WARN   ] Unknown property transition [:0]
[2025-12-01 14:14:18.467] [WARN   ] Unknown property transition [:0]
[2025-12-01 14:14:18.467] [WARN   ] Unknown property transition [:0]
[2025-12-01 14:14:18.467] [WARN   ] Unknown property transition [:0]
[2025-12-01 14:14:18.467] [WARN   ] Unknown property transition [:0]
[2025-12-01 14:14:18.467] [WARN   ] Unknown property transition [:0]
[2025-12-01 14:14:18.467] [WARN   ] Unknown property transition [:0]
[2025-12-01 14:14:18.467] [WARN   ] Unknown property transition [:0]
[2025-12-01 14:14:18.467] [WARN   ] Unknown property transition [:0]
[2025-12-01 14:14:18.468] [WARN   ] Unknown property transition [:0]
[2025-12-01 14:14:18.468] [WARN   ] Unknown property transition [:0]
[2025-12-01 14:14:18.468] [WARN   ] Unknown property transition [:0]
[2025-12-01 14:14:18.468] [WARN   ] Unknown property transition [:0]
[2025-12-01 14:14:18.468] [WARN   ] Unknown property transition [:0]
[2025-12-01 14:14:18.468] [WARN   ] Unknown property transition [:0]
[2025-12-01 14:14:18.468] [WARN   ] Unknown property transition [:0]
[2025-12-01 14:14:18.468] [WARN   ] Unknown property transition [:0]
[2025-12-01 14:14:18.468] [WARN   ] Unknown property transition [:0]
[2025-12-01 14:14:18.468] [WARN   ] Unknown property transition [:0]
[2025-12-01 14:14:18.468] [WARN   ] Unknown property transition [:0]
[2025-12-01 14:14:18.469] [WARN   ] Unknown property transition [:0]
[2025-12-01 14:14:18.469] [WARN   ] Unknown property transition [:0]
[2025-12-01 14:14:18.469] [WARN   ] Unknown property transition [:0]
[2025-12-01 14:14:18.469] [WARN   ] Unknown property transition [:0]
[2025-12-01 14:14:18.469] [WARN   ] Unknown property transition [:0]
[2025-12-01 14:14:18.469] [WARN   ] Unknown property transition [:0]
[2025-12-01 14:14:18.469] [WARN   ] Unknown property transition [:0]
[2025-12-01 14:14:18.469] [WARN   ] Unknown property transition [:0]
[2025-12-01 14:14:18.469] [WARN   ] Unknown property transition [:0]
[2025-12-01 14:14:18.469] [WARN   ] Unknown property transition [:0]
[2025-12-01 14:14:18.470] [WARN   ] Unknown property transition [:0]
[2025-12-01 14:14:18.470] [WARN   ] Unknown property transition [:0]
[2025-12-01 14:14:18.470] [WARN   ] Unknown property transition [:0]
[2025-12-01 14:14:18.470] [WARN   ] Unknown property transition [:0]
[2025-12-01 14:14:18.470] [WARN   ] Unknown property transition [:0]
[2025-12-01 14:14:18.470] [WARN   ] Unknown property transition [:0]
[2025-12-01 14:14:18.470] [WARN   ] Unknown property transition [:0]
[2025-12-01 14:14:18.470] [WARN   ] Unknown property transition [:0]
[2025-12-01 14:14:18.470] [WARN   ] Unknown property transition [:0]
[2025-12-01 14:14:18.470] [WARN   ] Unknown property transition [:0]
[2025-12-01 14:14:18.470] [WARN   ] Unknown property transition [:0]
[2025-12-01 14:14:19.914] [WARN   ] Unknown property transition [:0]
[2025-12-01 14:14:19.945] [WARN   ] Unknown property transition [:0]
[2025-12-01 14:14:20.195] [WARN   ] Unknown property transition [:0]
[2025-12-01 14:14:20.589] [DEBUG  ] Kernel::PLC m_nConnectStatus  = 7 [:0]
[2025-12-01 14:14:23.729] [DEBUG  ] Kernel::PLC m_nConnectStatus  = 7 [:0]
[2025-12-01 14:14:26.090] [DEBUG  ] on_pushButton_clicked [..\..\Sources\logindialog.cpp:19]
[2025-12-01 14:14:26.090] [DEBUG  ] on_pushButton_clicked 2 [..\..\Sources\logindialog.cpp:22]
[2025-12-01 14:14:26.090] [DEBUG  ] hashPassword [..\..\Sources\usermanager.cpp:160]
[2025-12-01 14:14:26.090] [DEBUG  ] hashPassword2 [..\..\Sources\usermanager.cpp:163]
[2025-12-01 14:14:26.090] [DEBUG  ] hash算完了 [..\..\Sources\usermanager.cpp:145]
[2025-12-01 14:14:26.095] [DEBUG  ] 找到用户: "Ceshi" [..\..\Sources\usermanager.cpp:128]
[2025-12-01 14:14:26.095] [DEBUG  ] getUser成功了 [..\..\Sources\usermanager.cpp:147]
[2025-12-01 14:14:26.095] [DEBUG  ] 用户 "Ceshi" 身份验证: 成功 [..\..\Sources\usermanager.cpp:154]
[2025-12-01 14:14:26.095] [DEBUG  ] hashPassword [..\..\Sources\usermanager.cpp:160]
[2025-12-01 14:14:26.095] [DEBUG  ] hashPassword2 [..\..\Sources\usermanager.cpp:163]
[2025-12-01 14:14:26.095] [DEBUG  ] hash算完了 [..\..\Sources\usermanager.cpp:145]
[2025-12-01 14:14:26.097] [DEBUG  ] 找到用户: "Ceshi" [..\..\Sources\usermanager.cpp:128]
[2025-12-01 14:14:26.097] [DEBUG  ] getUser成功了 [..\..\Sources\usermanager.cpp:147]
[2025-12-01 14:14:26.097] [DEBUG  ] 用户 "Ceshi" 身份验证: 成功 [..\..\Sources\usermanager.cpp:154]
[2025-12-01 14:14:26.099] [DEBUG  ] 找到用户: "Ceshi" [..\..\Sources\usermanager.cpp:128]
[2025-12-01 14:14:26.101] [DEBUG  ] 找到用户: "Ceshi" [..\..\Sources\usermanager.cpp:128]
[2025-12-01 14:14:26.119] [DEBUG  ] refreshLogView  'N'   device  1 [..\..\Sources\mainwindow.cpp:621]
[2025-12-01 14:14:26.119] [DEBUG  ] getUserLogsWithDetails for user: "Ceshi" level filter: 'N' device filter: 1 [..\..\Sources\logmanager.cpp:114]
[2025-12-01 14:14:26.160] [DEBUG  ] 找到 24 条日志记录 [..\..\Sources\logmanager.cpp:186]
[2025-12-01 14:14:26.160] [DEBUG  ] log添加成功: "Ceshi" [..\..\Sources\logmanager.cpp:212]
[2025-12-01 14:14:26.160] [DEBUG  ] 账号密码OK [..\..\Sources\logindialog.cpp:26]
[2025-12-01 14:14:26.867] [DEBUG  ] Kernel::PLC m_nConnectStatus  = 7 [:0]
[2025-12-01 14:14:28.633] [WARN   ] Unknown property transition [:0]
[2025-12-01 14:14:28.650] [WARN   ] Unknown property transition [:0]
[2025-12-01 14:14:30.001] [DEBUG  ] Kernel::PLC m_nConnectStatus  = 7 [:0]
[2025-12-01 14:14:33.163] [DEBUG  ] Kernel::PLC m_nConnectStatus  = 7 [:0]
[2025-12-01 14:14:36.297] [DEBUG  ] Kernel::PLC m_nConnectStatus  = 7 [:0]
[2025-12-01 14:14:39.434] [DEBUG  ] Kernel::PLC m_nConnectStatus  = 7 [:0]
[2025-12-01 14:14:42.572] [DEBUG  ] Kernel::PLC m_nConnectStatus  = 7 [:0]
[2025-12-01 14:14:45.717] [DEBUG  ] Kernel::PLC m_nConnectStatus  = 7 [:0]
[2025-12-01 14:14:48.873] [DEBUG  ] Kernel::PLC m_nConnectStatus  = 7 [:0]
[2025-12-01 14:14:52.013] [DEBUG  ] Kernel::PLC m_nConnectStatus  = 7 [:0]
[2025-12-01 14:14:52.626] [DEBUG  ] 数据库连接已关闭 [..\..\Sources\usermanager.cpp:180]
[2025-12-01 14:14:52.626] [DEBUG  ] UserManager单例销毁 [..\..\Sources\usermanager.cpp:19]
[2025-12-01 14:14:52.626] [DEBUG  ] 数据库连接已关闭 [..\..\Sources\logmanager.cpp:80]
[2025-12-01 14:14:52.626] [DEBUG  ] LogManager单例销毁 [..\..\Sources\logmanager.cpp:16]
